{"C:\\Users\\Ray\\projects\\idx-sde\\frontend\\src\\App.js": {"path":"C:\\Users\\Ray\\projects\\idx-sde\\frontend\\src\\App.js","statementMap":{"0":{"start":{"line":8,"column":2},"end":{"line":21,"column":4}}},"fnMap":{"0":{"name":"App","decl":{"start":{"line":7,"column":9},"end":{"line":7,"column":12}},"loc":{"start":{"line":7,"column":15},"end":{"line":22,"column":1}},"line":7}},"branchMap":{},"s":{"0":0},"f":{"0":0},"b":{}}
,"C:\\Users\\Ray\\projects\\idx-sde\\frontend\\src\\index.js": {"path":"C:\\Users\\Ray\\projects\\idx-sde\\frontend\\src\\index.js","statementMap":{"0":{"start":{"line":7,"column":13},"end":{"line":7,"column":65}},"1":{"start":{"line":8,"column":0},"end":{"line":12,"column":2}},"2":{"start":{"line":17,"column":0},"end":{"line":17,"column":18}}},"fnMap":{},"branchMap":{},"s":{"0":0,"1":0,"2":0},"f":{},"b":{}}
,"C:\\Users\\Ray\\projects\\idx-sde\\frontend\\src\\reportWebVitals.js": {"path":"C:\\Users\\Ray\\projects\\idx-sde\\frontend\\src\\reportWebVitals.js","statementMap":{"0":{"start":{"line":1,"column":24},"end":{"line":11,"column":1}},"1":{"start":{"line":2,"column":2},"end":{"line":10,"column":3}},"2":{"start":{"line":3,"column":4},"end":{"line":9,"column":7}},"3":{"start":{"line":4,"column":6},"end":{"line":4,"column":26}},"4":{"start":{"line":5,"column":6},"end":{"line":5,"column":26}},"5":{"start":{"line":6,"column":6},"end":{"line":6,"column":26}},"6":{"start":{"line":7,"column":6},"end":{"line":7,"column":26}},"7":{"start":{"line":8,"column":6},"end":{"line":8,"column":27}}},"fnMap":{"0":{"name":"(anonymous_0)","decl":{"start":{"line":1,"column":24},"end":{"line":1,"column":25}},"loc":{"start":{"line":1,"column":39},"end":{"line":11,"column":1}},"line":1},"1":{"name":"(anonymous_1)","decl":{"start":{"line":3,"column":30},"end":{"line":3,"column":31}},"loc":{"start":{"line":3,"column":79},"end":{"line":9,"column":5}},"line":3}},"branchMap":{"0":{"loc":{"start":{"line":2,"column":2},"end":{"line":10,"column":3}},"type":"if","locations":[{"start":{"line":2,"column":2},"end":{"line":10,"column":3}},{"start":{},"end":{}}],"line":2},"1":{"loc":{"start":{"line":2,"column":6},"end":{"line":2,"column":52}},"type":"binary-expr","locations":[{"start":{"line":2,"column":6},"end":{"line":2,"column":17}},{"start":{"line":2,"column":21},"end":{"line":2,"column":52}}],"line":2}},"s":{"0":0,"1":0,"2":0,"3":0,"4":0,"5":0,"6":0,"7":0},"f":{"0":0,"1":0},"b":{"0":[0,0],"1":[0,0]}}
,"C:\\Users\\Ray\\projects\\idx-sde\\frontend\\src\\api\\client.js": {"path":"C:\\Users\\Ray\\projects\\idx-sde\\frontend\\src\\api\\client.js","statementMap":{"0":{"start":{"line":2,"column":23},"end":{"line":2,"column":44}},"1":{"start":{"line":4,"column":2},"end":{"line":8,"column":5}},"2":{"start":{"line":5,"column":4},"end":{"line":7,"column":5}},"3":{"start":{"line":6,"column":6},"end":{"line":6,"column":46}},"4":{"start":{"line":10,"column":22},"end":{"line":10,"column":45}},"5":{"start":{"line":11,"column":14},"end":{"line":13,"column":23}},"6":{"start":{"line":15,"column":19},"end":{"line":17,"column":4}},"7":{"start":{"line":19,"column":2},"end":{"line":33,"column":3}},"8":{"start":{"line":20,"column":18},"end":{"line":20,"column":65}},"9":{"start":{"line":22,"column":4},"end":{"line":30,"column":5}},"10":{"start":{"line":23,"column":19},"end":{"line":23,"column":40}},"11":{"start":{"line":25,"column":6},"end":{"line":27,"column":7}},"12":{"start":{"line":26,"column":8},"end":{"line":26,"column":31}},"13":{"start":{"line":32,"column":4},"end":{"line":32,"column":29}},"14":{"start":{"line":35,"column":2},"end":{"line":35,"column":25}},"15":{"start":{"line":38,"column":19},"end":{"line":40,"column":3}},"16":{"start":{"line":42,"column":2},"end":{"line":56,"column":3}},"17":{"start":{"line":43,"column":18},"end":{"line":43,"column":43}},"18":{"start":{"line":45,"column":4},"end":{"line":53,"column":5}},"19":{"start":{"line":46,"column":19},"end":{"line":46,"column":40}},"20":{"start":{"line":48,"column":6},"end":{"line":50,"column":7}},"21":{"start":{"line":49,"column":8},"end":{"line":49,"column":31}},"22":{"start":{"line":55,"column":4},"end":{"line":55,"column":29}},"23":{"start":{"line":58,"column":2},"end":{"line":58,"column":25}},"24":{"start":{"line":61,"column":19},"end":{"line":63,"column":3}},"25":{"start":{"line":65,"column":2},"end":{"line":79,"column":3}},"26":{"start":{"line":66,"column":18},"end":{"line":66,"column":46}},"27":{"start":{"line":68,"column":4},"end":{"line":76,"column":5}},"28":{"start":{"line":69,"column":19},"end":{"line":69,"column":40}},"29":{"start":{"line":71,"column":6},"end":{"line":73,"column":7}},"30":{"start":{"line":72,"column":8},"end":{"line":72,"column":31}},"31":{"start":{"line":78,"column":4},"end":{"line":78,"column":29}},"32":{"start":{"line":81,"column":2},"end":{"line":81,"column":25}}},"fnMap":{"0":{"name":"fetchProperties","decl":{"start":{"line":1,"column":22},"end":{"line":1,"column":37}},"loc":{"start":{"line":1,"column":65},"end":{"line":36,"column":1}},"line":1},"1":{"name":"(anonymous_1)","decl":{"start":{"line":4,"column":33},"end":{"line":4,"column":34}},"loc":{"start":{"line":4,"column":51},"end":{"line":8,"column":3}},"line":4},"2":{"name":"fetchPropertyDetail","decl":{"start":{"line":37,"column":22},"end":{"line":37,"column":41}},"loc":{"start":{"line":37,"column":46},"end":{"line":59,"column":1}},"line":37},"3":{"name":"fetchOpenHouses","decl":{"start":{"line":60,"column":22},"end":{"line":60,"column":37}},"loc":{"start":{"line":60,"column":42},"end":{"line":82,"column":1}},"line":60}},"branchMap":{"0":{"loc":{"start":{"line":1,"column":38},"end":{"line":1,"column":49}},"type":"default-arg","locations":[{"start":{"line":1,"column":47},"end":{"line":1,"column":49}}],"line":1},"1":{"loc":{"start":{"line":1,"column":51},"end":{"line":1,"column":63}},"type":"default-arg","locations":[{"start":{"line":1,"column":61},"end":{"line":1,"column":63}}],"line":1},"2":{"loc":{"start":{"line":5,"column":4},"end":{"line":7,"column":5}},"type":"if","locations":[{"start":{"line":5,"column":4},"end":{"line":7,"column":5}},{"start":{},"end":{}}],"line":5},"3":{"loc":{"start":{"line":5,"column":8},"end":{"line":5,"column":61}},"type":"binary-expr","locations":[{"start":{"line":5,"column":8},"end":{"line":5,"column":27}},{"start":{"line":5,"column":31},"end":{"line":5,"column":45}},{"start":{"line":5,"column":49},"end":{"line":5,"column":61}}],"line":5},"4":{"loc":{"start":{"line":11,"column":14},"end":{"line":13,"column":23}},"type":"cond-expr","locations":[{"start":{"line":12,"column":6},"end":{"line":12,"column":38}},{"start":{"line":13,"column":6},"end":{"line":13,"column":23}}],"line":11},"5":{"loc":{"start":{"line":19,"column":2},"end":{"line":33,"column":3}},"type":"if","locations":[{"start":{"line":19,"column":2},"end":{"line":33,"column":3}},{"start":{},"end":{}}],"line":19},"6":{"loc":{"start":{"line":25,"column":6},"end":{"line":27,"column":7}},"type":"if","locations":[{"start":{"line":25,"column":6},"end":{"line":27,"column":7}},{"start":{},"end":{}}],"line":25},"7":{"loc":{"start":{"line":42,"column":2},"end":{"line":56,"column":3}},"type":"if","locations":[{"start":{"line":42,"column":2},"end":{"line":56,"column":3}},{"start":{},"end":{}}],"line":42},"8":{"loc":{"start":{"line":48,"column":6},"end":{"line":50,"column":7}},"type":"if","locations":[{"start":{"line":48,"column":6},"end":{"line":50,"column":7}},{"start":{},"end":{}}],"line":48},"9":{"loc":{"start":{"line":65,"column":2},"end":{"line":79,"column":3}},"type":"if","locations":[{"start":{"line":65,"column":2},"end":{"line":79,"column":3}},{"start":{},"end":{}}],"line":65},"10":{"loc":{"start":{"line":71,"column":6},"end":{"line":73,"column":7}},"type":"if","locations":[{"start":{"line":71,"column":6},"end":{"line":73,"column":7}},{"start":{},"end":{}}],"line":71}},"s":{"0":3,"1":3,"2":5,"3":4,"4":3,"5":3,"6":3,"7":3,"8":1,"9":1,"10":1,"11":1,"12":1,"13":1,"14":2,"15":0,"16":0,"17":0,"18":0,"19":0,"20":0,"21":0,"22":0,"23":0,"24":0,"25":0,"26":0,"27":0,"28":0,"29":0,"30":0,"31":0,"32":0},"f":{"0":3,"1":5,"2":0,"3":0},"b":{"0":[1],"1":[3],"2":[4,1],"3":[5,5,5],"4":[2,1],"5":[1,2],"6":[1,0],"7":[0,0],"8":[0,0],"9":[0,0],"10":[0,0]},"_coverageSchema":"1a1c01bbd47fc00a2c39e90264f33305004495a9","hash":"dc2da8d21765657e579d3f29c7ab560217596f24"}
,"C:\\Users\\Ray\\projects\\idx-sde\\frontend\\src\\components\\ErrorBoundary.js": {"path":"C:\\Users\\Ray\\projects\\idx-sde\\frontend\\src\\components\\ErrorBoundary.js","statementMap":{"0":{"start":{"line":5,"column":4},"end":{"line":5,"column":17}},"1":{"start":{"line":7,"column":4},"end":{"line":9,"column":6}},"2":{"start":{"line":13,"column":4},"end":{"line":15,"column":6}},"3":{"start":{"line":19,"column":4},"end":{"line":19,"column":59}},"4":{"start":{"line":22,"column":16},"end":{"line":28,"column":3}},"5":{"start":{"line":23,"column":4},"end":{"line":25,"column":7}},"6":{"start":{"line":27,"column":4},"end":{"line":27,"column":31}},"7":{"start":{"line":31,"column":4},"end":{"line":45,"column":5}},"8":{"start":{"line":32,"column":6},"end":{"line":44,"column":8}},"9":{"start":{"line":47,"column":4},"end":{"line":47,"column":31}}},"fnMap":{"0":{"name":"(anonymous_0)","decl":{"start":{"line":4,"column":2},"end":{"line":4,"column":3}},"loc":{"start":{"line":4,"column":21},"end":{"line":10,"column":3}},"line":4},"1":{"name":"(anonymous_1)","decl":{"start":{"line":12,"column":2},"end":{"line":12,"column":3}},"loc":{"start":{"line":12,"column":36},"end":{"line":16,"column":3}},"line":12},"2":{"name":"(anonymous_2)","decl":{"start":{"line":18,"column":2},"end":{"line":18,"column":3}},"loc":{"start":{"line":18,"column":38},"end":{"line":20,"column":3}},"line":18},"3":{"name":"(anonymous_3)","decl":{"start":{"line":22,"column":16},"end":{"line":22,"column":17}},"loc":{"start":{"line":22,"column":22},"end":{"line":28,"column":3}},"line":22},"4":{"name":"(anonymous_4)","decl":{"start":{"line":30,"column":2},"end":{"line":30,"column":3}},"loc":{"start":{"line":30,"column":11},"end":{"line":48,"column":3}},"line":30}},"branchMap":{"0":{"loc":{"start":{"line":31,"column":4},"end":{"line":45,"column":5}},"type":"if","locations":[{"start":{"line":31,"column":4},"end":{"line":45,"column":5}},{"start":{},"end":{}}],"line":31}},"s":{"0":0,"1":0,"2":0,"3":0,"4":0,"5":0,"6":0,"7":0,"8":0,"9":0},"f":{"0":0,"1":0,"2":0,"3":0,"4":0},"b":{"0":[0,0]}}
,"C:\\Users\\Ray\\projects\\idx-sde\\frontend\\src\\components\\OpenHouseList.js": {"path":"C:\\Users\\Ray\\projects\\idx-sde\\frontend\\src\\components\\OpenHouseList.js","statementMap":{"0":{"start":{"line":2,"column":2},"end":{"line":4,"column":3}},"1":{"start":{"line":3,"column":4},"end":{"line":3,"column":14}},"2":{"start":{"line":6,"column":2},"end":{"line":11,"column":3}},"3":{"start":{"line":10,"column":4},"end":{"line":10,"column":53}},"4":{"start":{"line":13,"column":2},"end":{"line":18,"column":3}},"5":{"start":{"line":14,"column":17},"end":{"line":14,"column":47}},"6":{"start":{"line":15,"column":4},"end":{"line":15,"column":39}},"7":{"start":{"line":17,"column":4},"end":{"line":17,"column":14}},"8":{"start":{"line":22,"column":2},"end":{"line":24,"column":3}},"9":{"start":{"line":23,"column":4},"end":{"line":23,"column":30}},"10":{"start":{"line":26,"column":15},"end":{"line":26,"column":30}},"11":{"start":{"line":28,"column":2},"end":{"line":30,"column":3}},"12":{"start":{"line":29,"column":4},"end":{"line":29,"column":17}},"13":{"start":{"line":32,"column":2},"end":{"line":32,"column":35}},"14":{"start":{"line":36,"column":2},"end":{"line":38,"column":3}},"15":{"start":{"line":37,"column":4},"end":{"line":37,"column":14}},"16":{"start":{"line":40,"column":17},"end":{"line":40,"column":41}},"17":{"start":{"line":42,"column":2},"end":{"line":44,"column":3}},"18":{"start":{"line":43,"column":4},"end":{"line":43,"column":17}},"19":{"start":{"line":46,"column":15},"end":{"line":46,"column":25}},"20":{"start":{"line":48,"column":2},"end":{"line":53,"column":4}},"21":{"start":{"line":55,"column":2},"end":{"line":58,"column":5}},"22":{"start":{"line":62,"column":2},"end":{"line":64,"column":3}},"23":{"start":{"line":63,"column":4},"end":{"line":63,"column":44}},"24":{"start":{"line":66,"column":2},"end":{"line":89,"column":4}},"25":{"start":{"line":69,"column":8},"end":{"line":86,"column":18}}},"fnMap":{"0":{"name":"getRemarks","decl":{"start":{"line":1,"column":9},"end":{"line":1,"column":19}},"loc":{"start":{"line":1,"column":31},"end":{"line":19,"column":1}},"line":1},"1":{"name":"formatDate","decl":{"start":{"line":21,"column":9},"end":{"line":21,"column":19}},"loc":{"start":{"line":21,"column":27},"end":{"line":33,"column":1}},"line":21},"2":{"name":"formatTime","decl":{"start":{"line":35,"column":9},"end":{"line":35,"column":19}},"loc":{"start":{"line":35,"column":27},"end":{"line":59,"column":1}},"line":35},"3":{"name":"OpenHouseList","decl":{"start":{"line":61,"column":9},"end":{"line":61,"column":22}},"loc":{"start":{"line":61,"column":39},"end":{"line":90,"column":1}},"line":61},"4":{"name":"(anonymous_4)","decl":{"start":{"line":68,"column":22},"end":{"line":68,"column":23}},"loc":{"start":{"line":69,"column":8},"end":{"line":86,"column":18}},"line":69}},"branchMap":{"0":{"loc":{"start":{"line":2,"column":2},"end":{"line":4,"column":3}},"type":"if","locations":[{"start":{"line":2,"column":2},"end":{"line":4,"column":3}},{"start":{},"end":{}}],"line":2},"1":{"loc":{"start":{"line":6,"column":2},"end":{"line":11,"column":3}},"type":"if","locations":[{"start":{"line":6,"column":2},"end":{"line":11,"column":3}},{"start":{},"end":{}}],"line":6},"2":{"loc":{"start":{"line":7,"column":4},"end":{"line":8,"column":31}},"type":"binary-expr","locations":[{"start":{"line":7,"column":4},"end":{"line":7,"column":42}},{"start":{"line":8,"column":4},"end":{"line":8,"column":31}}],"line":7},"3":{"loc":{"start":{"line":10,"column":11},"end":{"line":10,"column":52}},"type":"binary-expr","locations":[{"start":{"line":10,"column":11},"end":{"line":10,"column":46}},{"start":{"line":10,"column":50},"end":{"line":10,"column":52}}],"line":10},"4":{"loc":{"start":{"line":15,"column":11},"end":{"line":15,"column":38}},"type":"binary-expr","locations":[{"start":{"line":15,"column":11},"end":{"line":15,"column":32}},{"start":{"line":15,"column":36},"end":{"line":15,"column":38}}],"line":15},"5":{"loc":{"start":{"line":22,"column":2},"end":{"line":24,"column":3}},"type":"if","locations":[{"start":{"line":22,"column":2},"end":{"line":24,"column":3}},{"start":{},"end":{}}],"line":22},"6":{"loc":{"start":{"line":28,"column":2},"end":{"line":30,"column":3}},"type":"if","locations":[{"start":{"line":28,"column":2},"end":{"line":30,"column":3}},{"start":{},"end":{}}],"line":28},"7":{"loc":{"start":{"line":36,"column":2},"end":{"line":38,"column":3}},"type":"if","locations":[{"start":{"line":36,"column":2},"end":{"line":38,"column":3}},{"start":{},"end":{}}],"line":36},"8":{"loc":{"start":{"line":42,"column":2},"end":{"line":44,"column":3}},"type":"if","locations":[{"start":{"line":42,"column":2},"end":{"line":44,"column":3}},{"start":{},"end":{}}],"line":42},"9":{"loc":{"start":{"line":62,"column":2},"end":{"line":64,"column":3}},"type":"if","locations":[{"start":{"line":62,"column":2},"end":{"line":64,"column":3}},{"start":{},"end":{}}],"line":62},"10":{"loc":{"start":{"line":62,"column":6},"end":{"line":62,"column":44}},"type":"binary-expr","locations":[{"start":{"line":62,"column":6},"end":{"line":62,"column":17}},{"start":{"line":62,"column":21},"end":{"line":62,"column":44}}],"line":62},"11":{"loc":{"start":{"line":71,"column":15},"end":{"line":71,"column":36}},"type":"binary-expr","locations":[{"start":{"line":71,"column":15},"end":{"line":71,"column":27}},{"start":{"line":71,"column":31},"end":{"line":71,"column":36}}],"line":71},"12":{"loc":{"start":{"line":83,"column":11},"end":{"line":85,"column":11}},"type":"binary-expr","locations":[{"start":{"line":83,"column":11},"end":{"line":83,"column":32}},{"start":{"line":84,"column":12},"end":{"line":84,"column":42}}],"line":83}},"s":{"0":0,"1":0,"2":0,"3":0,"4":0,"5":0,"6":0,"7":0,"8":0,"9":0,"10":0,"11":0,"12":0,"13":0,"14":0,"15":0,"16":0,"17":0,"18":0,"19":0,"20":0,"21":0,"22":0,"23":0,"24":0,"25":0},"f":{"0":0,"1":0,"2":0,"3":0,"4":0},"b":{"0":[0,0],"1":[0,0],"2":[0,0],"3":[0,0],"4":[0,0],"5":[0,0],"6":[0,0],"7":[0,0],"8":[0,0],"9":[0,0],"10":[0,0],"11":[0,0],"12":[0,0]}}
,"C:\\Users\\Ray\\projects\\idx-sde\\frontend\\src\\components\\Pagination.js": {"path":"C:\\Users\\Ray\\projects\\idx-sde\\frontend\\src\\components\\Pagination.js","statementMap":{"0":{"start":{"line":9,"column":21},"end":{"line":9,"column":57}},"1":{"start":{"line":11,"column":2},"end":{"line":13,"column":3}},"2":{"start":{"line":12,"column":4},"end":{"line":12,"column":16}},"3":{"start":{"line":15,"column":16},"end":{"line":15,"column":18}},"4":{"start":{"line":17,"column":2},"end":{"line":40,"column":3}},"5":{"start":{"line":18,"column":4},"end":{"line":20,"column":5}},"6":{"start":{"line":18,"column":17},"end":{"line":18,"column":18}},"7":{"start":{"line":19,"column":6},"end":{"line":19,"column":20}},"8":{"start":{"line":22,"column":4},"end":{"line":22,"column":18}},"9":{"start":{"line":24,"column":4},"end":{"line":26,"column":5}},"10":{"start":{"line":25,"column":6},"end":{"line":25,"column":24}},"11":{"start":{"line":28,"column":18},"end":{"line":28,"column":46}},"12":{"start":{"line":29,"column":16},"end":{"line":29,"column":57}},"13":{"start":{"line":31,"column":4},"end":{"line":33,"column":5}},"14":{"start":{"line":31,"column":17},"end":{"line":31,"column":22}},"15":{"start":{"line":32,"column":6},"end":{"line":32,"column":20}},"16":{"start":{"line":35,"column":4},"end":{"line":37,"column":5}},"17":{"start":{"line":36,"column":6},"end":{"line":36,"column":24}},"18":{"start":{"line":39,"column":4},"end":{"line":39,"column":27}},"19":{"start":{"line":42,"column":2},"end":{"line":72,"column":4}},"20":{"start":{"line":46,"column":23},"end":{"line":46,"column":52}},"21":{"start":{"line":52,"column":8},"end":{"line":62,"column":9}},"22":{"start":{"line":58,"column":27},"end":{"line":58,"column":45}},"23":{"start":{"line":67,"column":23},"end":{"line":67,"column":52}}},"fnMap":{"0":{"name":"Pagination","decl":{"start":{"line":3,"column":9},"end":{"line":3,"column":19}},"loc":{"start":{"line":8,"column":3},"end":{"line":73,"column":1}},"line":8},"1":{"name":"(anonymous_1)","decl":{"start":{"line":46,"column":17},"end":{"line":46,"column":18}},"loc":{"start":{"line":46,"column":23},"end":{"line":46,"column":52}},"line":46},"2":{"name":"(anonymous_2)","decl":{"start":{"line":51,"column":17},"end":{"line":51,"column":18}},"loc":{"start":{"line":52,"column":8},"end":{"line":62,"column":9}},"line":52},"3":{"name":"(anonymous_3)","decl":{"start":{"line":58,"column":21},"end":{"line":58,"column":22}},"loc":{"start":{"line":58,"column":27},"end":{"line":58,"column":45}},"line":58},"4":{"name":"(anonymous_4)","decl":{"start":{"line":67,"column":17},"end":{"line":67,"column":18}},"loc":{"start":{"line":67,"column":23},"end":{"line":67,"column":52}},"line":67}},"branchMap":{"0":{"loc":{"start":{"line":11,"column":2},"end":{"line":13,"column":3}},"type":"if","locations":[{"start":{"line":11,"column":2},"end":{"line":13,"column":3}},{"start":{},"end":{}}],"line":11},"1":{"loc":{"start":{"line":17,"column":2},"end":{"line":40,"column":3}},"type":"if","locations":[{"start":{"line":17,"column":2},"end":{"line":40,"column":3}},{"start":{"line":21,"column":9},"end":{"line":40,"column":3}}],"line":17},"2":{"loc":{"start":{"line":24,"column":4},"end":{"line":26,"column":5}},"type":"if","locations":[{"start":{"line":24,"column":4},"end":{"line":26,"column":5}},{"start":{},"end":{}}],"line":24},"3":{"loc":{"start":{"line":35,"column":4},"end":{"line":37,"column":5}},"type":"if","locations":[{"start":{"line":35,"column":4},"end":{"line":37,"column":5}},{"start":{},"end":{}}],"line":35},"4":{"loc":{"start":{"line":52,"column":8},"end":{"line":62,"column":9}},"type":"cond-expr","locations":[{"start":{"line":53,"column":10},"end":{"line":53,"column":52}},{"start":{"line":55,"column":10},"end":{"line":61,"column":19}}],"line":52},"5":{"loc":{"start":{"line":57,"column":23},"end":{"line":57,"column":59}},"type":"cond-expr","locations":[{"start":{"line":57,"column":46},"end":{"line":57,"column":54}},{"start":{"line":57,"column":57},"end":{"line":57,"column":59}}],"line":57}},"s":{"0":3,"1":3,"2":0,"3":3,"4":3,"5":3,"6":3,"7":15,"8":0,"9":0,"10":0,"11":0,"12":0,"13":0,"14":0,"15":0,"16":0,"17":0,"18":0,"19":3,"20":0,"21":15,"22":1,"23":0},"f":{"0":3,"1":0,"2":15,"3":1,"4":0},"b":{"0":[0,3],"1":[3,0],"2":[0,0],"3":[0,0],"4":[0,15],"5":[3,12]},"_coverageSchema":"1a1c01bbd47fc00a2c39e90264f33305004495a9","hash":"d454345d4542d7f3635c0c7216e5d8e4c75634bd"}
,"C:\\Users\\Ray\\projects\\idx-sde\\frontend\\src\\components\\PropertyCard.js": {"path":"C:\\Users\\Ray\\projects\\idx-sde\\frontend\\src\\components\\PropertyCard.js","statementMap":{"0":{"start":{"line":7,"column":23},"end":{"line":7,"column":36}},"1":{"start":{"line":9,"column":2},"end":{"line":11,"column":3}},"2":{"start":{"line":10,"column":4},"end":{"line":10,"column":31}},"3":{"start":{"line":13,"column":2},"end":{"line":17,"column":5}},"4":{"start":{"line":21,"column":2},"end":{"line":23,"column":3}},"5":{"start":{"line":22,"column":4},"end":{"line":22,"column":16}},"6":{"start":{"line":25,"column":2},"end":{"line":25,"column":29}},"7":{"start":{"line":33,"column":19},"end":{"line":33,"column":32}},"8":{"start":{"line":35,"column":16},"end":{"line":39,"column":19}},"9":{"start":{"line":42,"column":4},"end":{"line":44,"column":25}},"10":{"start":{"line":46,"column":20},"end":{"line":48,"column":15}},"11":{"start":{"line":51,"column":4},"end":{"line":51,"column":50}},"12":{"start":{"line":55,"column":4},"end":{"line":57,"column":5}},"13":{"start":{"line":56,"column":6},"end":{"line":56,"column":21}},"14":{"start":{"line":61,"column":4},"end":{"line":61,"column":28}},"15":{"start":{"line":63,"column":4},"end":{"line":65,"column":5}},"16":{"start":{"line":64,"column":6},"end":{"line":64,"column":32}},"17":{"start":{"line":68,"column":2},"end":{"line":118,"column":4}},"18":{"start":{"line":121,"column":0},"end":{"line":148,"column":2}}},"fnMap":{"0":{"name":"formatPrice","decl":{"start":{"line":6,"column":9},"end":{"line":6,"column":20}},"loc":{"start":{"line":6,"column":28},"end":{"line":18,"column":1}},"line":6},"1":{"name":"displayStat","decl":{"start":{"line":20,"column":9},"end":{"line":20,"column":20}},"loc":{"start":{"line":20,"column":35},"end":{"line":26,"column":1}},"line":20},"2":{"name":"PropertyCard","decl":{"start":{"line":28,"column":9},"end":{"line":28,"column":21}},"loc":{"start":{"line":32,"column":3},"end":{"line":119,"column":1}},"line":32},"3":{"name":"openProperty","decl":{"start":{"line":50,"column":11},"end":{"line":50,"column":23}},"loc":{"start":{"line":50,"column":26},"end":{"line":52,"column":3}},"line":50},"4":{"name":"handleKeyDown","decl":{"start":{"line":54,"column":11},"end":{"line":54,"column":24}},"loc":{"start":{"line":54,"column":32},"end":{"line":58,"column":3}},"line":54},"5":{"name":"handleFavoriteClick","decl":{"start":{"line":60,"column":11},"end":{"line":60,"column":30}},"loc":{"start":{"line":60,"column":38},"end":{"line":66,"column":3}},"line":60}},"branchMap":{"0":{"loc":{"start":{"line":9,"column":2},"end":{"line":11,"column":3}},"type":"if","locations":[{"start":{"line":9,"column":2},"end":{"line":11,"column":3}},{"start":{},"end":{}}],"line":9},"1":{"loc":{"start":{"line":9,"column":6},"end":{"line":9,"column":57}},"type":"binary-expr","locations":[{"start":{"line":9,"column":6},"end":{"line":9,"column":36}},{"start":{"line":9,"column":40},"end":{"line":9,"column":57}}],"line":9},"2":{"loc":{"start":{"line":21,"column":2},"end":{"line":23,"column":3}},"type":"if","locations":[{"start":{"line":21,"column":2},"end":{"line":23,"column":3}},{"start":{},"end":{}}],"line":21},"3":{"loc":{"start":{"line":21,"column":6},"end":{"line":21,"column":59}},"type":"binary-expr","locations":[{"start":{"line":21,"column":6},"end":{"line":21,"column":20}},{"start":{"line":21,"column":24},"end":{"line":21,"column":43}},{"start":{"line":21,"column":47},"end":{"line":21,"column":59}}],"line":21},"4":{"loc":{"start":{"line":30,"column":2},"end":{"line":30,"column":20}},"type":"default-arg","locations":[{"start":{"line":30,"column":15},"end":{"line":30,"column":20}}],"line":30},"5":{"loc":{"start":{"line":42,"column":4},"end":{"line":44,"column":25}},"type":"binary-expr","locations":[{"start":{"line":42,"column":4},"end":{"line":42,"column":22}},{"start":{"line":43,"column":4},"end":{"line":43,"column":28}},{"start":{"line":44,"column":4},"end":{"line":44,"column":25}}],"line":42},"6":{"loc":{"start":{"line":55,"column":4},"end":{"line":57,"column":5}},"type":"if","locations":[{"start":{"line":55,"column":4},"end":{"line":57,"column":5}},{"start":{},"end":{}}],"line":55},"7":{"loc":{"start":{"line":63,"column":4},"end":{"line":65,"column":5}},"type":"if","locations":[{"start":{"line":63,"column":4},"end":{"line":65,"column":5}},{"start":{},"end":{}}],"line":63},"8":{"loc":{"start":{"line":85,"column":12},"end":{"line":85,"column":55}},"type":"cond-expr","locations":[{"start":{"line":85,"column":25},"end":{"line":85,"column":50}},{"start":{"line":85,"column":53},"end":{"line":85,"column":55}}],"line":85},"9":{"loc":{"start":{"line":89,"column":12},"end":{"line":91,"column":34}},"type":"cond-expr","locations":[{"start":{"line":90,"column":16},"end":{"line":90,"column":39}},{"start":{"line":91,"column":16},"end":{"line":91,"column":34}}],"line":89},"10":{"loc":{"start":{"line":94,"column":11},"end":{"line":94,"column":33}},"type":"cond-expr","locations":[{"start":{"line":94,"column":24},"end":{"line":94,"column":27}},{"start":{"line":94,"column":30},"end":{"line":94,"column":33}}],"line":94},"11":{"loc":{"start":{"line":108,"column":11},"end":{"line":108,"column":46}},"type":"binary-expr","locations":[{"start":{"line":108,"column":11},"end":{"line":108,"column":20}},{"start":{"line":108,"column":24},"end":{"line":108,"column":46}}],"line":108},"12":{"loc":{"start":{"line":112,"column":11},"end":{"line":114,"column":44}},"type":"cond-expr","locations":[{"start":{"line":113,"column":14},"end":{"line":113,"column":31}},{"start":{"line":114,"column":14},"end":{"line":114,"column":44}}],"line":112}},"s":{"0":0,"1":0,"2":0,"3":0,"4":0,"5":0,"6":0,"7":0,"8":0,"9":0,"10":0,"11":0,"12":0,"13":0,"14":0,"15":0,"16":0,"17":0,"18":0},"f":{"0":0,"1":0,"2":0,"3":0,"4":0,"5":0},"b":{"0":[0,0],"1":[0,0],"2":[0,0],"3":[0,0,0],"4":[0],"5":[0,0,0],"6":[0,0],"7":[0,0],"8":[0,0],"9":[0,0],"10":[0,0],"11":[0,0],"12":[0,0]}}
,"C:\\Users\\Ray\\projects\\idx-sde\\frontend\\src\\components\\PropertyFilters.js": {"path":"C:\\Users\\Ray\\projects\\idx-sde\\frontend\\src\\components\\PropertyFilters.js","statementMap":{"0":{"start":{"line":4,"column":22},"end":{"line":11,"column":1}},"1":{"start":{"line":14,"column":32},"end":{"line":14,"column":55}},"2":{"start":{"line":17,"column":28},"end":{"line":17,"column":40}},"3":{"start":{"line":19,"column":4},"end":{"line":22,"column":8}},"4":{"start":{"line":19,"column":36},"end":{"line":22,"column":5}},"5":{"start":{"line":26,"column":4},"end":{"line":26,"column":27}},"6":{"start":{"line":28,"column":27},"end":{"line":30,"column":5}},"7":{"start":{"line":29,"column":52},"end":{"line":29,"column":71}},"8":{"start":{"line":32,"column":4},"end":{"line":32,"column":29}},"9":{"start":{"line":36,"column":4},"end":{"line":36,"column":30}},"10":{"start":{"line":37,"column":4},"end":{"line":37,"column":14}},"11":{"start":{"line":40,"column":2},"end":{"line":140,"column":4}}},"fnMap":{"0":{"name":"PropertyFilters","decl":{"start":{"line":13,"column":9},"end":{"line":13,"column":24}},"loc":{"start":{"line":13,"column":66},"end":{"line":141,"column":1}},"line":13},"1":{"name":"handleChange","decl":{"start":{"line":16,"column":11},"end":{"line":16,"column":23}},"loc":{"start":{"line":16,"column":31},"end":{"line":23,"column":3}},"line":16},"2":{"name":"(anonymous_2)","decl":{"start":{"line":19,"column":15},"end":{"line":19,"column":16}},"loc":{"start":{"line":19,"column":36},"end":{"line":22,"column":5}},"line":19},"3":{"name":"handleSubmit","decl":{"start":{"line":25,"column":11},"end":{"line":25,"column":23}},"loc":{"start":{"line":25,"column":31},"end":{"line":33,"column":3}},"line":25},"4":{"name":"(anonymous_4)","decl":{"start":{"line":29,"column":37},"end":{"line":29,"column":38}},"loc":{"start":{"line":29,"column":52},"end":{"line":29,"column":71}},"line":29},"5":{"name":"handleClear","decl":{"start":{"line":35,"column":11},"end":{"line":35,"column":22}},"loc":{"start":{"line":35,"column":25},"end":{"line":38,"column":3}},"line":35}},"branchMap":{"0":{"loc":{"start":{"line":13,"column":46},"end":{"line":13,"column":62}},"type":"default-arg","locations":[{"start":{"line":13,"column":57},"end":{"line":13,"column":62}}],"line":13}},"s":{"0":1,"1":7,"2":3,"3":3,"4":3,"5":1,"6":1,"7":6,"8":1,"9":1,"10":1,"11":7},"f":{"0":7,"1":3,"2":3,"3":1,"4":6,"5":1},"b":{"0":[7]},"_coverageSchema":"1a1c01bbd47fc00a2c39e90264f33305004495a9","hash":"5c6bd4513e6f1e29ec2a8abe5be9930e495db569"}
,"C:\\Users\\Ray\\projects\\idx-sde\\frontend\\src\\components\\PropertyImageCarousel.js": {"path":"C:\\Users\\Ray\\projects\\idx-sde\\frontend\\src\\components\\PropertyImageCarousel.js","statementMap":{"0":{"start":{"line":6,"column":2},"end":{"line":6,"column":55}},"1":{"start":{"line":9,"column":17},"end":{"line":9,"column":41}},"2":{"start":{"line":10,"column":42},"end":{"line":10,"column":53}},"3":{"start":{"line":12,"column":24},"end":{"line":12,"column":63}},"4":{"start":{"line":15,"column":4},"end":{"line":15,"column":28}},"5":{"start":{"line":17,"column":4},"end":{"line":19,"column":6}},"6":{"start":{"line":18,"column":6},"end":{"line":18,"column":60}},"7":{"start":{"line":23,"column":4},"end":{"line":23,"column":28}},"8":{"start":{"line":25,"column":4},"end":{"line":27,"column":6}},"9":{"start":{"line":26,"column":6},"end":{"line":26,"column":60}},"10":{"start":{"line":30,"column":2},"end":{"line":64,"column":4}},"11":{"start":{"line":36,"column":10},"end":{"line":36,"column":45}}},"fnMap":{"0":{"name":"PropertyImageCarousel","decl":{"start":{"line":8,"column":9},"end":{"line":8,"column":30}},"loc":{"start":{"line":8,"column":57},"end":{"line":65,"column":1}},"line":8},"1":{"name":"previousPhoto","decl":{"start":{"line":14,"column":11},"end":{"line":14,"column":24}},"loc":{"start":{"line":14,"column":32},"end":{"line":20,"column":3}},"line":14},"2":{"name":"(anonymous_2)","decl":{"start":{"line":17,"column":20},"end":{"line":17,"column":21}},"loc":{"start":{"line":18,"column":6},"end":{"line":18,"column":60}},"line":18},"3":{"name":"nextPhoto","decl":{"start":{"line":22,"column":11},"end":{"line":22,"column":20}},"loc":{"start":{"line":22,"column":28},"end":{"line":28,"column":3}},"line":22},"4":{"name":"(anonymous_4)","decl":{"start":{"line":25,"column":20},"end":{"line":25,"column":21}},"loc":{"start":{"line":26,"column":6},"end":{"line":26,"column":60}},"line":26},"5":{"name":"(anonymous_5)","decl":{"start":{"line":35,"column":17},"end":{"line":35,"column":18}},"loc":{"start":{"line":35,"column":28},"end":{"line":37,"column":9}},"line":35}},"branchMap":{"0":{"loc":{"start":{"line":12,"column":24},"end":{"line":12,"column":63}},"type":"cond-expr","locations":[{"start":{"line":12,"column":44},"end":{"line":12,"column":50}},{"start":{"line":12,"column":53},"end":{"line":12,"column":63}}],"line":12},"1":{"loc":{"start":{"line":18,"column":6},"end":{"line":18,"column":60}},"type":"cond-expr","locations":[{"start":{"line":18,"column":22},"end":{"line":18,"column":46}},{"start":{"line":18,"column":49},"end":{"line":18,"column":60}}],"line":18},"2":{"loc":{"start":{"line":26,"column":6},"end":{"line":26,"column":60}},"type":"cond-expr","locations":[{"start":{"line":26,"column":45},"end":{"line":26,"column":46}},{"start":{"line":26,"column":49},"end":{"line":26,"column":60}}],"line":26},"3":{"loc":{"start":{"line":34,"column":13},"end":{"line":34,"column":34}},"type":"binary-expr","locations":[{"start":{"line":34,"column":13},"end":{"line":34,"column":20}},{"start":{"line":34,"column":24},"end":{"line":34,"column":34}}],"line":34},"4":{"loc":{"start":{"line":40,"column":7},"end":{"line":62,"column":7}},"type":"binary-expr","locations":[{"start":{"line":40,"column":7},"end":{"line":40,"column":31}},{"start":{"line":41,"column":8},"end":{"line":61,"column":11}}],"line":40}},"s":{"0":0,"1":0,"2":0,"3":0,"4":0,"5":0,"6":0,"7":0,"8":0,"9":0,"10":0,"11":0},"f":{"0":0,"1":0,"2":0,"3":0,"4":0,"5":0},"b":{"0":[0,0],"1":[0,0],"2":[0,0],"3":[0,0],"4":[0,0]}}
,"C:\\Users\\Ray\\projects\\idx-sde\\frontend\\src\\components\\PropertyImageGallery.js": {"path":"C:\\Users\\Ray\\projects\\idx-sde\\frontend\\src\\components\\PropertyImageGallery.js","statementMap":{"0":{"start":{"line":6,"column":2},"end":{"line":6,"column":46}},"1":{"start":{"line":9,"column":2},"end":{"line":9,"column":37}},"2":{"start":{"line":10,"column":2},"end":{"line":10,"column":43}},"3":{"start":{"line":14,"column":17},"end":{"line":14,"column":41}},"4":{"start":{"line":16,"column":42},"end":{"line":16,"column":53}},"5":{"start":{"line":17,"column":42},"end":{"line":17,"column":57}},"6":{"start":{"line":19,"column":2},"end":{"line":21,"column":3}},"7":{"start":{"line":20,"column":4},"end":{"line":20,"column":48}},"8":{"start":{"line":24,"column":4},"end":{"line":26,"column":6}},"9":{"start":{"line":25,"column":6},"end":{"line":25,"column":53}},"10":{"start":{"line":30,"column":4},"end":{"line":32,"column":6}},"11":{"start":{"line":31,"column":6},"end":{"line":31,"column":53}},"12":{"start":{"line":36,"column":4},"end":{"line":38,"column":5}},"13":{"start":{"line":37,"column":6},"end":{"line":37,"column":29}},"14":{"start":{"line":40,"column":4},"end":{"line":42,"column":5}},"15":{"start":{"line":41,"column":6},"end":{"line":41,"column":17}},"16":{"start":{"line":44,"column":4},"end":{"line":46,"column":5}},"17":{"start":{"line":45,"column":6},"end":{"line":45,"column":13}},"18":{"start":{"line":49,"column":2},"end":{"line":129,"column":4}},"19":{"start":{"line":57,"column":25},"end":{"line":57,"column":46}},"20":{"start":{"line":62,"column":12},"end":{"line":72,"column":21}},"21":{"start":{"line":65,"column":29},"end":{"line":65,"column":51}},"22":{"start":{"line":84,"column":25},"end":{"line":84,"column":47}},"23":{"start":{"line":89,"column":27},"end":{"line":89,"column":49}},"24":{"start":{"line":99,"column":16},"end":{"line":99,"column":40}},"25":{"start":{"line":100,"column":16},"end":{"line":100,"column":27}},"26":{"start":{"line":111,"column":32},"end":{"line":111,"column":55}},"27":{"start":{"line":119,"column":16},"end":{"line":119,"column":40}},"28":{"start":{"line":120,"column":16},"end":{"line":120,"column":23}}},"fnMap":{"0":{"name":"handleImageError","decl":{"start":{"line":8,"column":9},"end":{"line":8,"column":25}},"loc":{"start":{"line":8,"column":33},"end":{"line":11,"column":1}},"line":8},"1":{"name":"PropertyImageGallery","decl":{"start":{"line":13,"column":9},"end":{"line":13,"column":29}},"loc":{"start":{"line":13,"column":47},"end":{"line":130,"column":1}},"line":13},"2":{"name":"previous","decl":{"start":{"line":23,"column":11},"end":{"line":23,"column":19}},"loc":{"start":{"line":23,"column":22},"end":{"line":27,"column":3}},"line":23},"3":{"name":"(anonymous_3)","decl":{"start":{"line":24,"column":20},"end":{"line":24,"column":21}},"loc":{"start":{"line":25,"column":6},"end":{"line":25,"column":53}},"line":25},"4":{"name":"next","decl":{"start":{"line":29,"column":11},"end":{"line":29,"column":15}},"loc":{"start":{"line":29,"column":18},"end":{"line":33,"column":3}},"line":29},"5":{"name":"(anonymous_5)","decl":{"start":{"line":30,"column":20},"end":{"line":30,"column":21}},"loc":{"start":{"line":31,"column":6},"end":{"line":31,"column":53}},"line":31},"6":{"name":"handleKeyDown","decl":{"start":{"line":35,"column":11},"end":{"line":35,"column":24}},"loc":{"start":{"line":35,"column":32},"end":{"line":47,"column":3}},"line":35},"7":{"name":"(anonymous_7)","decl":{"start":{"line":57,"column":19},"end":{"line":57,"column":20}},"loc":{"start":{"line":57,"column":25},"end":{"line":57,"column":46}},"line":57},"8":{"name":"(anonymous_8)","decl":{"start":{"line":61,"column":22},"end":{"line":61,"column":23}},"loc":{"start":{"line":62,"column":12},"end":{"line":72,"column":21}},"line":62},"9":{"name":"(anonymous_9)","decl":{"start":{"line":65,"column":23},"end":{"line":65,"column":24}},"loc":{"start":{"line":65,"column":29},"end":{"line":65,"column":51}},"line":65},"10":{"name":"(anonymous_10)","decl":{"start":{"line":84,"column":19},"end":{"line":84,"column":20}},"loc":{"start":{"line":84,"column":25},"end":{"line":84,"column":47}},"line":84},"11":{"name":"(anonymous_11)","decl":{"start":{"line":89,"column":21},"end":{"line":89,"column":22}},"loc":{"start":{"line":89,"column":27},"end":{"line":89,"column":49}},"line":89},"12":{"name":"(anonymous_12)","decl":{"start":{"line":98,"column":23},"end":{"line":98,"column":24}},"loc":{"start":{"line":98,"column":34},"end":{"line":101,"column":15}},"line":98},"13":{"name":"(anonymous_13)","decl":{"start":{"line":111,"column":21},"end":{"line":111,"column":22}},"loc":{"start":{"line":111,"column":32},"end":{"line":111,"column":55}},"line":111},"14":{"name":"(anonymous_14)","decl":{"start":{"line":118,"column":23},"end":{"line":118,"column":24}},"loc":{"start":{"line":118,"column":34},"end":{"line":121,"column":15}},"line":118}},"branchMap":{"0":{"loc":{"start":{"line":19,"column":2},"end":{"line":21,"column":3}},"type":"if","locations":[{"start":{"line":19,"column":2},"end":{"line":21,"column":3}},{"start":{},"end":{}}],"line":19},"1":{"loc":{"start":{"line":25,"column":6},"end":{"line":25,"column":53}},"type":"cond-expr","locations":[{"start":{"line":25,"column":22},"end":{"line":25,"column":39}},{"start":{"line":25,"column":42},"end":{"line":25,"column":53}}],"line":25},"2":{"loc":{"start":{"line":31,"column":6},"end":{"line":31,"column":53}},"type":"cond-expr","locations":[{"start":{"line":31,"column":38},"end":{"line":31,"column":39}},{"start":{"line":31,"column":42},"end":{"line":31,"column":53}}],"line":31},"3":{"loc":{"start":{"line":36,"column":4},"end":{"line":38,"column":5}},"type":"if","locations":[{"start":{"line":36,"column":4},"end":{"line":38,"column":5}},{"start":{},"end":{}}],"line":36},"4":{"loc":{"start":{"line":40,"column":4},"end":{"line":42,"column":5}},"type":"if","locations":[{"start":{"line":40,"column":4},"end":{"line":42,"column":5}},{"start":{},"end":{}}],"line":40},"5":{"loc":{"start":{"line":44,"column":4},"end":{"line":46,"column":5}},"type":"if","locations":[{"start":{"line":44,"column":4},"end":{"line":46,"column":5}},{"start":{},"end":{}}],"line":44},"6":{"loc":{"start":{"line":77,"column":7},"end":{"line":127,"column":7}},"type":"binary-expr","locations":[{"start":{"line":77,"column":7},"end":{"line":77,"column":19}},{"start":{"line":78,"column":8},"end":{"line":126,"column":14}}],"line":77},"7":{"loc":{"start":{"line":94,"column":11},"end":{"line":105,"column":11}},"type":"binary-expr","locations":[{"start":{"line":94,"column":11},"end":{"line":94,"column":28}},{"start":{"line":95,"column":12},"end":{"line":104,"column":21}}],"line":94},"8":{"loc":{"start":{"line":114,"column":11},"end":{"line":125,"column":11}},"type":"binary-expr","locations":[{"start":{"line":114,"column":11},"end":{"line":114,"column":28}},{"start":{"line":115,"column":12},"end":{"line":124,"column":21}}],"line":114}},"s":{"0":0,"1":0,"2":0,"3":0,"4":0,"5":0,"6":0,"7":0,"8":0,"9":0,"10":0,"11":0,"12":0,"13":0,"14":0,"15":0,"16":0,"17":0,"18":0,"19":0,"20":0,"21":0,"22":0,"23":0,"24":0,"25":0,"26":0,"27":0,"28":0},"f":{"0":0,"1":0,"2":0,"3":0,"4":0,"5":0,"6":0,"7":0,"8":0,"9":0,"10":0,"11":0,"12":0,"13":0,"14":0},"b":{"0":[0,0],"1":[0,0],"2":[0,0],"3":[0,0],"4":[0,0],"5":[0,0],"6":[0,0],"7":[0,0],"8":[0,0]}}
,"C:\\Users\\Ray\\projects\\idx-sde\\frontend\\src\\components\\PropertyMap.js": {"path":"C:\\Users\\Ray\\projects\\idx-sde\\frontend\\src\\components\\PropertyMap.js","statementMap":{"0":{"start":{"line":2,"column":17},"end":{"line":2,"column":58}},"1":{"start":{"line":4,"column":14},"end":{"line":4,"column":30}},"2":{"start":{"line":5,"column":14},"end":{"line":5,"column":31}},"3":{"start":{"line":7,"column":2},"end":{"line":14,"column":3}},"4":{"start":{"line":13,"column":4},"end":{"line":13,"column":44}},"5":{"start":{"line":16,"column":2},"end":{"line":18,"column":3}},"6":{"start":{"line":17,"column":4},"end":{"line":17,"column":57}},"7":{"start":{"line":21,"column":4},"end":{"line":24,"column":14}},"8":{"start":{"line":27,"column":4},"end":{"line":28,"column":32}},"9":{"start":{"line":30,"column":2},"end":{"line":54,"column":4}}},"fnMap":{"0":{"name":"PropertyMap","decl":{"start":{"line":1,"column":9},"end":{"line":1,"column":20}},"loc":{"start":{"line":1,"column":46},"end":{"line":55,"column":1}},"line":1}},"branchMap":{"0":{"loc":{"start":{"line":7,"column":2},"end":{"line":14,"column":3}},"type":"if","locations":[{"start":{"line":7,"column":2},"end":{"line":14,"column":3}},{"start":{},"end":{}}],"line":7},"1":{"loc":{"start":{"line":8,"column":4},"end":{"line":11,"column":13}},"type":"binary-expr","locations":[{"start":{"line":8,"column":4},"end":{"line":8,"column":25}},{"start":{"line":9,"column":4},"end":{"line":9,"column":25}},{"start":{"line":10,"column":4},"end":{"line":10,"column":13}},{"start":{"line":11,"column":4},"end":{"line":11,"column":13}}],"line":8},"2":{"loc":{"start":{"line":16,"column":2},"end":{"line":18,"column":3}},"type":"if","locations":[{"start":{"line":16,"column":2},"end":{"line":18,"column":3}},{"start":{},"end":{}}],"line":16}},"s":{"0":0,"1":0,"2":0,"3":0,"4":0,"5":0,"6":0,"7":0,"8":0,"9":0},"f":{"0":0},"b":{"0":[0,0],"1":[0,0,0,0],"2":[0,0]}}
,"C:\\Users\\Ray\\projects\\idx-sde\\frontend\\src\\components\\SortControls.js": {"path":"C:\\Users\\Ray\\projects\\idx-sde\\frontend\\src\\components\\SortControls.js","statementMap":{"0":{"start":{"line":5,"column":4},"end":{"line":5,"column":48}},"1":{"start":{"line":9,"column":4},"end":{"line":9,"column":45}},"2":{"start":{"line":12,"column":2},"end":{"line":53,"column":4}}},"fnMap":{"0":{"name":"SortControls","decl":{"start":{"line":3,"column":9},"end":{"line":3,"column":21}},"loc":{"start":{"line":3,"column":59},"end":{"line":54,"column":1}},"line":3},"1":{"name":"handleFieldChange","decl":{"start":{"line":4,"column":11},"end":{"line":4,"column":28}},"loc":{"start":{"line":4,"column":36},"end":{"line":6,"column":3}},"line":4},"2":{"name":"handleOrderChange","decl":{"start":{"line":8,"column":11},"end":{"line":8,"column":28}},"loc":{"start":{"line":8,"column":36},"end":{"line":10,"column":3}},"line":8}},"branchMap":{},"s":{"0":0,"1":0,"2":0},"f":{"0":0,"1":0,"2":0},"b":{}}
,"C:\\Users\\Ray\\projects\\idx-sde\\frontend\\src\\hooks\\useFavorites.js": {"path":"C:\\Users\\Ray\\projects\\idx-sde\\frontend\\src\\hooks\\useFavorites.js","statementMap":{"0":{"start":{"line":3,"column":20},"end":{"line":3,"column":35}},"1":{"start":{"line":6,"column":2},"end":{"line":18,"column":3}},"2":{"start":{"line":7,"column":19},"end":{"line":7,"column":52}},"3":{"start":{"line":9,"column":4},"end":{"line":11,"column":5}},"4":{"start":{"line":10,"column":6},"end":{"line":10,"column":16}},"5":{"start":{"line":13,"column":19},"end":{"line":13,"column":37}},"6":{"start":{"line":15,"column":4},"end":{"line":15,"column":47}},"7":{"start":{"line":17,"column":4},"end":{"line":17,"column":14}},"8":{"start":{"line":22,"column":36},"end":{"line":22,"column":65}},"9":{"start":{"line":24,"column":2},"end":{"line":29,"column":18}},"10":{"start":{"line":25,"column":4},"end":{"line":28,"column":6}},"11":{"start":{"line":32,"column":4},"end":{"line":34,"column":6}},"12":{"start":{"line":33,"column":20},"end":{"line":33,"column":54}},"13":{"start":{"line":38,"column":4},"end":{"line":49,"column":7}},"14":{"start":{"line":39,"column":28},"end":{"line":42,"column":7}},"15":{"start":{"line":41,"column":10},"end":{"line":41,"column":55}},"16":{"start":{"line":44,"column":6},"end":{"line":46,"column":7}},"17":{"start":{"line":45,"column":8},"end":{"line":45,"column":23}},"18":{"start":{"line":48,"column":6},"end":{"line":48,"column":36}},"19":{"start":{"line":53,"column":4},"end":{"line":57,"column":6}},"20":{"start":{"line":54,"column":6},"end":{"line":56,"column":7}},"21":{"start":{"line":55,"column":22},"end":{"line":55,"column":56}},"22":{"start":{"line":61,"column":4},"end":{"line":65,"column":5}},"23":{"start":{"line":62,"column":6},"end":{"line":62,"column":43}},"24":{"start":{"line":64,"column":6},"end":{"line":64,"column":28}},"25":{"start":{"line":68,"column":2},"end":{"line":75,"column":4}}},"fnMap":{"0":{"name":"getInitialFavorites","decl":{"start":{"line":5,"column":9},"end":{"line":5,"column":28}},"loc":{"start":{"line":5,"column":31},"end":{"line":19,"column":1}},"line":5},"1":{"name":"useFavorites","decl":{"start":{"line":21,"column":9},"end":{"line":21,"column":21}},"loc":{"start":{"line":21,"column":24},"end":{"line":76,"column":1}},"line":21},"2":{"name":"(anonymous_2)","decl":{"start":{"line":24,"column":12},"end":{"line":24,"column":13}},"loc":{"start":{"line":24,"column":18},"end":{"line":29,"column":3}},"line":24},"3":{"name":"isFavorite","decl":{"start":{"line":31,"column":11},"end":{"line":31,"column":21}},"loc":{"start":{"line":31,"column":33},"end":{"line":35,"column":3}},"line":31},"4":{"name":"(anonymous_4)","decl":{"start":{"line":33,"column":6},"end":{"line":33,"column":7}},"loc":{"start":{"line":33,"column":20},"end":{"line":33,"column":54}},"line":33},"5":{"name":"addFavorite","decl":{"start":{"line":37,"column":11},"end":{"line":37,"column":22}},"loc":{"start":{"line":37,"column":33},"end":{"line":50,"column":3}},"line":37},"6":{"name":"(anonymous_6)","decl":{"start":{"line":38,"column":17},"end":{"line":38,"column":18}},"loc":{"start":{"line":38,"column":30},"end":{"line":49,"column":5}},"line":38},"7":{"name":"(anonymous_7)","decl":{"start":{"line":40,"column":8},"end":{"line":40,"column":9}},"loc":{"start":{"line":41,"column":10},"end":{"line":41,"column":55}},"line":41},"8":{"name":"removeFavorite","decl":{"start":{"line":52,"column":11},"end":{"line":52,"column":25}},"loc":{"start":{"line":52,"column":37},"end":{"line":58,"column":3}},"line":52},"9":{"name":"(anonymous_9)","decl":{"start":{"line":53,"column":17},"end":{"line":53,"column":18}},"loc":{"start":{"line":54,"column":6},"end":{"line":56,"column":7}},"line":54},"10":{"name":"(anonymous_10)","decl":{"start":{"line":55,"column":8},"end":{"line":55,"column":9}},"loc":{"start":{"line":55,"column":22},"end":{"line":55,"column":56}},"line":55},"11":{"name":"toggleFavorite","decl":{"start":{"line":60,"column":11},"end":{"line":60,"column":25}},"loc":{"start":{"line":60,"column":36},"end":{"line":66,"column":3}},"line":60}},"branchMap":{"0":{"loc":{"start":{"line":9,"column":4},"end":{"line":11,"column":5}},"type":"if","locations":[{"start":{"line":9,"column":4},"end":{"line":11,"column":5}},{"start":{},"end":{}}],"line":9},"1":{"loc":{"start":{"line":15,"column":11},"end":{"line":15,"column":46}},"type":"cond-expr","locations":[{"start":{"line":15,"column":35},"end":{"line":15,"column":41}},{"start":{"line":15,"column":44},"end":{"line":15,"column":46}}],"line":15},"2":{"loc":{"start":{"line":44,"column":6},"end":{"line":46,"column":7}},"type":"if","locations":[{"start":{"line":44,"column":6},"end":{"line":46,"column":7}},{"start":{},"end":{}}],"line":44},"3":{"loc":{"start":{"line":61,"column":4},"end":{"line":65,"column":5}},"type":"if","locations":[{"start":{"line":61,"column":4},"end":{"line":65,"column":5}},{"start":{"line":63,"column":11},"end":{"line":65,"column":5}}],"line":61}},"s":{"0":0,"1":0,"2":0,"3":0,"4":0,"5":0,"6":0,"7":0,"8":0,"9":0,"10":0,"11":0,"12":0,"13":0,"14":0,"15":0,"16":0,"17":0,"18":0,"19":0,"20":0,"21":0,"22":0,"23":0,"24":0,"25":0},"f":{"0":0,"1":0,"2":0,"3":0,"4":0,"5":0,"6":0,"7":0,"8":0,"9":0,"10":0,"11":0},"b":{"0":[0,0],"1":[0,0],"2":[0,0],"3":[0,0]}}
,"C:\\Users\\Ray\\projects\\idx-sde\\frontend\\src\\pages\\ListingsPage.js": {"path":"C:\\Users\\Ray\\projects\\idx-sde\\frontend\\src\\pages\\ListingsPage.js","statementMap":{"0":{"start":{"line":10,"column":38},"end":{"line":10,"column":50}},"1":{"start":{"line":11,"column":28},"end":{"line":11,"column":39}},"2":{"start":{"line":12,"column":44},"end":{"line":12,"column":56}},"3":{"start":{"line":13,"column":32},"end":{"line":13,"column":46}},"4":{"start":{"line":14,"column":28},"end":{"line":14,"column":40}},"5":{"start":{"line":16,"column":29},"end":{"line":16,"column":41}},"6":{"start":{"line":18,"column":25},"end":{"line":18,"column":27}},"7":{"start":{"line":20,"column":40},"end":{"line":20,"column":51}},"8":{"start":{"line":22,"column":30},"end":{"line":22,"column":42}},"9":{"start":{"line":23,"column":36},"end":{"line":23,"column":51}},"10":{"start":{"line":26,"column":4},"end":{"line":28,"column":5}},"11":{"start":{"line":27,"column":6},"end":{"line":27,"column":41}},"12":{"start":{"line":30,"column":23},"end":{"line":30,"column":44}},"13":{"start":{"line":31,"column":4},"end":{"line":31,"column":44}},"14":{"start":{"line":33,"column":4},"end":{"line":67,"column":5}},"15":{"start":{"line":34,"column":6},"end":{"line":34,"column":23}},"16":{"start":{"line":35,"column":6},"end":{"line":35,"column":19}},"17":{"start":{"line":37,"column":21},"end":{"line":37,"column":55}},"18":{"start":{"line":39,"column":19},"end":{"line":50,"column":7}},"19":{"start":{"line":51,"column":6},"end":{"line":53,"column":8}},"20":{"start":{"line":54,"column":6},"end":{"line":54,"column":41}},"21":{"start":{"line":56,"column":6},"end":{"line":58,"column":7}},"22":{"start":{"line":57,"column":8},"end":{"line":57,"column":15}},"23":{"start":{"line":60,"column":6},"end":{"line":60,"column":24}},"24":{"start":{"line":61,"column":6},"end":{"line":61,"column":18}},"25":{"start":{"line":62,"column":6},"end":{"line":62,"column":69}},"26":{"start":{"line":64,"column":6},"end":{"line":66,"column":7}},"27":{"start":{"line":65,"column":8},"end":{"line":65,"column":26}},"28":{"start":{"line":70,"column":2},"end":{"line":76,"column":54}},"29":{"start":{"line":71,"column":4},"end":{"line":71,"column":34}},"30":{"start":{"line":73,"column":4},"end":{"line":75,"column":6}},"31":{"start":{"line":74,"column":6},"end":{"line":74,"column":42}},"32":{"start":{"line":79,"column":4},"end":{"line":79,"column":22}},"33":{"start":{"line":80,"column":4},"end":{"line":80,"column":18}},"34":{"start":{"line":81,"column":4},"end":{"line":81,"column":24}},"35":{"start":{"line":82,"column":4},"end":{"line":82,"column":30}},"36":{"start":{"line":86,"column":4},"end":{"line":86,"column":22}},"37":{"start":{"line":87,"column":4},"end":{"line":87,"column":18}},"38":{"start":{"line":88,"column":4},"end":{"line":88,"column":24}},"39":{"start":{"line":89,"column":4},"end":{"line":89,"column":25}},"40":{"start":{"line":93,"column":4},"end":{"line":93,"column":25}},"41":{"start":{"line":94,"column":4},"end":{"line":94,"column":26}},"42":{"start":{"line":98,"column":4},"end":{"line":98,"column":25}},"43":{"start":{"line":99,"column":4},"end":{"line":99,"column":31}},"44":{"start":{"line":100,"column":4},"end":{"line":100,"column":22}},"45":{"start":{"line":104,"column":4},"end":{"line":106,"column":46}},"46":{"start":{"line":108,"column":14},"end":{"line":111,"column":3}},"47":{"start":{"line":113,"column":2},"end":{"line":180,"column":4}},"48":{"start":{"line":139,"column":35},"end":{"line":139,"column":52}},"49":{"start":{"line":164,"column":12},"end":{"line":167,"column":14}}},"fnMap":{"0":{"name":"ListingsPage","decl":{"start":{"line":9,"column":9},"end":{"line":9,"column":21}},"loc":{"start":{"line":9,"column":24},"end":{"line":181,"column":1}},"line":9},"1":{"name":"loadProperties","decl":{"start":{"line":25,"column":17},"end":{"line":25,"column":31}},"loc":{"start":{"line":25,"column":46},"end":{"line":68,"column":3}},"line":25},"2":{"name":"(anonymous_2)","decl":{"start":{"line":70,"column":12},"end":{"line":70,"column":13}},"loc":{"start":{"line":70,"column":18},"end":{"line":76,"column":3}},"line":70},"3":{"name":"(anonymous_3)","decl":{"start":{"line":73,"column":11},"end":{"line":73,"column":12}},"loc":{"start":{"line":73,"column":17},"end":{"line":75,"column":5}},"line":73},"4":{"name":"handleSearch","decl":{"start":{"line":78,"column":11},"end":{"line":78,"column":23}},"loc":{"start":{"line":78,"column":33},"end":{"line":83,"column":3}},"line":78},"5":{"name":"handleClear","decl":{"start":{"line":85,"column":11},"end":{"line":85,"column":22}},"loc":{"start":{"line":85,"column":25},"end":{"line":90,"column":3}},"line":85},"6":{"name":"handlePageChange","decl":{"start":{"line":92,"column":11},"end":{"line":92,"column":27}},"loc":{"start":{"line":92,"column":34},"end":{"line":95,"column":3}},"line":92},"7":{"name":"handleSortChange","decl":{"start":{"line":97,"column":11},"end":{"line":97,"column":27}},"loc":{"start":{"line":97,"column":53},"end":{"line":101,"column":3}},"line":97},"8":{"name":"(anonymous_8)","decl":{"start":{"line":139,"column":17},"end":{"line":139,"column":18}},"loc":{"start":{"line":139,"column":35},"end":{"line":139,"column":52}},"line":139},"9":{"name":"(anonymous_9)","decl":{"start":{"line":163,"column":26},"end":{"line":163,"column":27}},"loc":{"start":{"line":164,"column":12},"end":{"line":167,"column":14}},"line":164}},"branchMap":{"0":{"loc":{"start":{"line":25,"column":32},"end":{"line":25,"column":44}},"type":"default-arg","locations":[{"start":{"line":25,"column":42},"end":{"line":25,"column":44}}],"line":25},"1":{"loc":{"start":{"line":26,"column":4},"end":{"line":28,"column":5}},"type":"if","locations":[{"start":{"line":26,"column":4},"end":{"line":28,"column":5}},{"start":{},"end":{}}],"line":26},"2":{"loc":{"start":{"line":52,"column":8},"end":{"line":52,"column":56}},"type":"cond-expr","locations":[{"start":{"line":52,"column":39},"end":{"line":52,"column":51}},{"start":{"line":52,"column":54},"end":{"line":52,"column":56}}],"line":52},"3":{"loc":{"start":{"line":54,"column":15},"end":{"line":54,"column":39}},"type":"binary-expr","locations":[{"start":{"line":54,"column":15},"end":{"line":54,"column":34}},{"start":{"line":54,"column":38},"end":{"line":54,"column":39}}],"line":54},"4":{"loc":{"start":{"line":56,"column":6},"end":{"line":58,"column":7}},"type":"if","locations":[{"start":{"line":56,"column":6},"end":{"line":58,"column":7}},{"start":{},"end":{}}],"line":56},"5":{"loc":{"start":{"line":62,"column":15},"end":{"line":62,"column":67}},"type":"binary-expr","locations":[{"start":{"line":62,"column":15},"end":{"line":62,"column":35}},{"start":{"line":62,"column":39},"end":{"line":62,"column":67}}],"line":62},"6":{"loc":{"start":{"line":64,"column":6},"end":{"line":66,"column":7}},"type":"if","locations":[{"start":{"line":64,"column":6},"end":{"line":66,"column":7}},{"start":{},"end":{}}],"line":64},"7":{"loc":{"start":{"line":104,"column":4},"end":{"line":106,"column":46}},"type":"cond-expr","locations":[{"start":{"line":105,"column":8},"end":{"line":105,"column":9}},{"start":{"line":106,"column":8},"end":{"line":106,"column":46}}],"line":104},"8":{"loc":{"start":{"line":135,"column":7},"end":{"line":142,"column":7}},"type":"binary-expr","locations":[{"start":{"line":135,"column":7},"end":{"line":135,"column":44}},{"start":{"line":136,"column":8},"end":{"line":141,"column":12}}],"line":135},"9":{"loc":{"start":{"line":144,"column":7},"end":{"line":146,"column":7}},"type":"binary-expr","locations":[{"start":{"line":144,"column":7},"end":{"line":144,"column":14}},{"start":{"line":145,"column":8},"end":{"line":145,"column":63}}],"line":144},"10":{"loc":{"start":{"line":148,"column":7},"end":{"line":153,"column":7}},"type":"binary-expr","locations":[{"start":{"line":148,"column":7},"end":{"line":148,"column":15}},{"start":{"line":148,"column":19},"end":{"line":148,"column":24}},{"start":{"line":149,"column":8},"end":{"line":152,"column":18}}],"line":148},"11":{"loc":{"start":{"line":155,"column":7},"end":{"line":159,"column":7}},"type":"binary-expr","locations":[{"start":{"line":155,"column":7},"end":{"line":155,"column":15}},{"start":{"line":155,"column":19},"end":{"line":155,"column":25}},{"start":{"line":155,"column":29},"end":{"line":155,"column":52}},{"start":{"line":156,"column":8},"end":{"line":158,"column":12}}],"line":155},"12":{"loc":{"start":{"line":161,"column":7},"end":{"line":170,"column":7}},"type":"binary-expr","locations":[{"start":{"line":161,"column":7},"end":{"line":161,"column":15}},{"start":{"line":161,"column":19},"end":{"line":161,"column":25}},{"start":{"line":161,"column":29},"end":{"line":161,"column":50}},{"start":{"line":162,"column":8},"end":{"line":169,"column":18}}],"line":161},"13":{"loc":{"start":{"line":165,"column":19},"end":{"line":165,"column":54}},"type":"binary-expr","locations":[{"start":{"line":165,"column":19},"end":{"line":165,"column":30}},{"start":{"line":165,"column":34},"end":{"line":165,"column":54}}],"line":165},"14":{"loc":{"start":{"line":171,"column":7},"end":{"line":178,"column":7}},"type":"binary-expr","locations":[{"start":{"line":171,"column":7},"end":{"line":171,"column":15}},{"start":{"line":171,"column":19},"end":{"line":171,"column":25}},{"start":{"line":172,"column":8},"end":{"line":177,"column":10}}],"line":171}},"s":{"0":0,"1":0,"2":0,"3":0,"4":0,"5":0,"6":0,"7":0,"8":0,"9":0,"10":0,"11":0,"12":0,"13":0,"14":0,"15":0,"16":0,"17":0,"18":0,"19":0,"20":0,"21":0,"22":0,"23":0,"24":0,"25":0,"26":0,"27":0,"28":0,"29":0,"30":0,"31":0,"32":0,"33":0,"34":0,"35":0,"36":0,"37":0,"38":0,"39":0,"40":0,"41":0,"42":0,"43":0,"44":0,"45":0,"46":0,"47":0,"48":0,"49":0},"f":{"0":0,"1":0,"2":0,"3":0,"4":0,"5":0,"6":0,"7":0,"8":0,"9":0},"b":{"0":[0],"1":[0,0],"2":[0,0],"3":[0,0],"4":[0,0],"5":[0,0],"6":[0,0],"7":[0,0],"8":[0,0],"9":[0,0],"10":[0,0,0],"11":[0,0,0,0],"12":[0,0,0,0],"13":[0,0],"14":[0,0,0]}}
,"C:\\Users\\Ray\\projects\\idx-sde\\frontend\\src\\pages\\PropertyDetailPage.js": {"path":"C:\\Users\\Ray\\projects\\idx-sde\\frontend\\src\\pages\\PropertyDetailPage.js","statementMap":{"0":{"start":{"line":16,"column":16},"end":{"line":16,"column":29}},"1":{"start":{"line":18,"column":2},"end":{"line":20,"column":3}},"2":{"start":{"line":19,"column":4},"end":{"line":19,"column":31}},"3":{"start":{"line":22,"column":2},"end":{"line":26,"column":5}},"4":{"start":{"line":30,"column":17},"end":{"line":30,"column":28}},"5":{"start":{"line":31,"column":19},"end":{"line":31,"column":32}},"6":{"start":{"line":33,"column":34},"end":{"line":33,"column":48}},"7":{"start":{"line":34,"column":38},"end":{"line":34,"column":50}},"8":{"start":{"line":36,"column":32},"end":{"line":36,"column":46}},"9":{"start":{"line":37,"column":28},"end":{"line":37,"column":40}},"10":{"start":{"line":39,"column":2},"end":{"line":69,"column":11}},"11":{"start":{"line":41,"column":6},"end":{"line":65,"column":7}},"12":{"start":{"line":42,"column":8},"end":{"line":42,"column":25}},"13":{"start":{"line":43,"column":8},"end":{"line":43,"column":21}},"14":{"start":{"line":46,"column":10},"end":{"line":49,"column":12}},"15":{"start":{"line":51,"column":8},"end":{"line":51,"column":34}},"16":{"start":{"line":53,"column":8},"end":{"line":57,"column":10}},"17":{"start":{"line":59,"column":8},"end":{"line":62,"column":10}},"18":{"start":{"line":64,"column":8},"end":{"line":64,"column":26}},"19":{"start":{"line":68,"column":4},"end":{"line":68,"column":19}},"20":{"start":{"line":71,"column":2},"end":{"line":77,"column":3}},"21":{"start":{"line":72,"column":4},"end":{"line":76,"column":6}},"22":{"start":{"line":79,"column":2},"end":{"line":91,"column":3}},"23":{"start":{"line":80,"column":4},"end":{"line":90,"column":6}},"24":{"start":{"line":82,"column":31},"end":{"line":82,"column":44}},"25":{"start":{"line":93,"column":2},"end":{"line":95,"column":3}},"26":{"start":{"line":94,"column":4},"end":{"line":94,"column":16}},"27":{"start":{"line":97,"column":2},"end":{"line":189,"column":4}},"28":{"start":{"line":101,"column":23},"end":{"line":101,"column":35}}},"fnMap":{"0":{"name":"formatPrice","decl":{"start":{"line":15,"column":9},"end":{"line":15,"column":20}},"loc":{"start":{"line":15,"column":28},"end":{"line":27,"column":1}},"line":15},"1":{"name":"PropertyDetailPage","decl":{"start":{"line":29,"column":9},"end":{"line":29,"column":27}},"loc":{"start":{"line":29,"column":30},"end":{"line":190,"column":1}},"line":29},"2":{"name":"(anonymous_2)","decl":{"start":{"line":39,"column":12},"end":{"line":39,"column":13}},"loc":{"start":{"line":39,"column":18},"end":{"line":69,"column":3}},"line":39},"3":{"name":"loadProperty","decl":{"start":{"line":40,"column":19},"end":{"line":40,"column":31}},"loc":{"start":{"line":40,"column":34},"end":{"line":66,"column":5}},"line":40},"4":{"name":"(anonymous_4)","decl":{"start":{"line":82,"column":25},"end":{"line":82,"column":26}},"loc":{"start":{"line":82,"column":31},"end":{"line":82,"column":44}},"line":82},"5":{"name":"(anonymous_5)","decl":{"start":{"line":101,"column":17},"end":{"line":101,"column":18}},"loc":{"start":{"line":101,"column":23},"end":{"line":101,"column":35}},"line":101}},"branchMap":{"0":{"loc":{"start":{"line":18,"column":2},"end":{"line":20,"column":3}},"type":"if","locations":[{"start":{"line":18,"column":2},"end":{"line":20,"column":3}},{"start":{},"end":{}}],"line":18},"1":{"loc":{"start":{"line":18,"column":6},"end":{"line":18,"column":43}},"type":"binary-expr","locations":[{"start":{"line":18,"column":6},"end":{"line":18,"column":29}},{"start":{"line":18,"column":33},"end":{"line":18,"column":43}}],"line":18},"2":{"loc":{"start":{"line":54,"column":10},"end":{"line":56,"column":16}},"type":"cond-expr","locations":[{"start":{"line":55,"column":14},"end":{"line":55,"column":27}},{"start":{"line":56,"column":14},"end":{"line":56,"column":16}}],"line":54},"3":{"loc":{"start":{"line":60,"column":10},"end":{"line":61,"column":38}},"type":"binary-expr","locations":[{"start":{"line":60,"column":10},"end":{"line":60,"column":30}},{"start":{"line":61,"column":12},"end":{"line":61,"column":38}}],"line":60},"4":{"loc":{"start":{"line":71,"column":2},"end":{"line":77,"column":3}},"type":"if","locations":[{"start":{"line":71,"column":2},"end":{"line":77,"column":3}},{"start":{},"end":{}}],"line":71},"5":{"loc":{"start":{"line":79,"column":2},"end":{"line":91,"column":3}},"type":"if","locations":[{"start":{"line":79,"column":2},"end":{"line":91,"column":3}},{"start":{},"end":{}}],"line":79},"6":{"loc":{"start":{"line":93,"column":2},"end":{"line":95,"column":3}},"type":"if","locations":[{"start":{"line":93,"column":2},"end":{"line":95,"column":3}},{"start":{},"end":{}}],"line":93},"7":{"loc":{"start":{"line":116,"column":11},"end":{"line":116,"column":54}},"type":"binary-expr","locations":[{"start":{"line":116,"column":11},"end":{"line":116,"column":29}},{"start":{"line":116,"column":33},"end":{"line":116,"column":54}}],"line":116},"8":{"loc":{"start":{"line":127,"column":13},"end":{"line":127,"column":39}},"type":"binary-expr","locations":[{"start":{"line":127,"column":13},"end":{"line":127,"column":32}},{"start":{"line":127,"column":36},"end":{"line":127,"column":39}}],"line":127},"9":{"loc":{"start":{"line":131,"column":13},"end":{"line":131,"column":37}},"type":"binary-expr","locations":[{"start":{"line":131,"column":13},"end":{"line":131,"column":30}},{"start":{"line":131,"column":34},"end":{"line":131,"column":37}}],"line":131},"10":{"loc":{"start":{"line":135,"column":13},"end":{"line":135,"column":38}},"type":"binary-expr","locations":[{"start":{"line":135,"column":13},"end":{"line":135,"column":31}},{"start":{"line":135,"column":35},"end":{"line":135,"column":38}}],"line":135},"11":{"loc":{"start":{"line":139,"column":19},"end":{"line":139,"column":46}},"type":"binary-expr","locations":[{"start":{"line":139,"column":19},"end":{"line":139,"column":37}},{"start":{"line":139,"column":41},"end":{"line":139,"column":46}}],"line":139},"12":{"loc":{"start":{"line":148,"column":11},"end":{"line":149,"column":48}},"type":"binary-expr","locations":[{"start":{"line":148,"column":11},"end":{"line":148,"column":29}},{"start":{"line":149,"column":12},"end":{"line":149,"column":48}}],"line":148},"13":{"loc":{"start":{"line":161,"column":15},"end":{"line":161,"column":42}},"type":"binary-expr","locations":[{"start":{"line":161,"column":15},"end":{"line":161,"column":33}},{"start":{"line":161,"column":37},"end":{"line":161,"column":42}}],"line":161},"14":{"loc":{"start":{"line":165,"column":13},"end":{"line":167,"column":21}},"type":"cond-expr","locations":[{"start":{"line":166,"column":16},"end":{"line":166,"column":48}},{"start":{"line":167,"column":16},"end":{"line":167,"column":21}}],"line":165},"15":{"loc":{"start":{"line":171,"column":15},"end":{"line":171,"column":45}},"type":"binary-expr","locations":[{"start":{"line":171,"column":15},"end":{"line":171,"column":36}},{"start":{"line":171,"column":40},"end":{"line":171,"column":45}}],"line":171},"16":{"loc":{"start":{"line":174,"column":15},"end":{"line":174,"column":40}},"type":"binary-expr","locations":[{"start":{"line":174,"column":15},"end":{"line":174,"column":31}},{"start":{"line":174,"column":35},"end":{"line":174,"column":40}}],"line":174}},"s":{"0":0,"1":0,"2":0,"3":0,"4":0,"5":0,"6":0,"7":0,"8":0,"9":0,"10":0,"11":0,"12":0,"13":0,"14":0,"15":0,"16":0,"17":0,"18":0,"19":0,"20":0,"21":0,"22":0,"23":0,"24":0,"25":0,"26":0,"27":0,"28":0},"f":{"0":0,"1":0,"2":0,"3":0,"4":0,"5":0},"b":{"0":[0,0],"1":[0,0],"2":[0,0],"3":[0,0],"4":[0,0],"5":[0,0],"6":[0,0],"7":[0,0],"8":[0,0],"9":[0,0],"10":[0,0],"11":[0,0],"12":[0,0],"13":[0,0],"14":[0,0],"15":[0,0],"16":[0,0]}}
,"C:\\Users\\Ray\\projects\\idx-sde\\frontend\\src\\utils\\photos.js": {"path":"C:\\Users\\Ray\\projects\\idx-sde\\frontend\\src\\utils\\photos.js","statementMap":{"0":{"start":{"line":2,"column":2},"end":{"line":4,"column":3}},"1":{"start":{"line":3,"column":4},"end":{"line":3,"column":14}},"2":{"start":{"line":6,"column":2},"end":{"line":10,"column":3}},"3":{"start":{"line":7,"column":4},"end":{"line":9,"column":6}},"4":{"start":{"line":8,"column":17},"end":{"line":8,"column":65}},"5":{"start":{"line":12,"column":2},"end":{"line":14,"column":3}},"6":{"start":{"line":13,"column":4},"end":{"line":13,"column":14}},"7":{"start":{"line":16,"column":2},"end":{"line":28,"column":3}},"8":{"start":{"line":17,"column":19},"end":{"line":17,"column":36}},"9":{"start":{"line":19,"column":4},"end":{"line":21,"column":5}},"10":{"start":{"line":20,"column":6},"end":{"line":20,"column":16}},"11":{"start":{"line":23,"column":4},"end":{"line":25,"column":6}},"12":{"start":{"line":24,"column":17},"end":{"line":24,"column":65}},"13":{"start":{"line":27,"column":4},"end":{"line":27,"column":14}}},"fnMap":{"0":{"name":"parsePhotos","decl":{"start":{"line":1,"column":16},"end":{"line":1,"column":27}},"loc":{"start":{"line":1,"column":35},"end":{"line":29,"column":1}},"line":1},"1":{"name":"(anonymous_1)","decl":{"start":{"line":8,"column":6},"end":{"line":8,"column":7}},"loc":{"start":{"line":8,"column":17},"end":{"line":8,"column":65}},"line":8},"2":{"name":"(anonymous_2)","decl":{"start":{"line":24,"column":6},"end":{"line":24,"column":7}},"loc":{"start":{"line":24,"column":17},"end":{"line":24,"column":65}},"line":24}},"branchMap":{"0":{"loc":{"start":{"line":2,"column":2},"end":{"line":4,"column":3}},"type":"if","locations":[{"start":{"line":2,"column":2},"end":{"line":4,"column":3}},{"start":{},"end":{}}],"line":2},"1":{"loc":{"start":{"line":6,"column":2},"end":{"line":10,"column":3}},"type":"if","locations":[{"start":{"line":6,"column":2},"end":{"line":10,"column":3}},{"start":{},"end":{}}],"line":6},"2":{"loc":{"start":{"line":8,"column":17},"end":{"line":8,"column":65}},"type":"binary-expr","locations":[{"start":{"line":8,"column":17},"end":{"line":8,"column":42}},{"start":{"line":8,"column":46},"end":{"line":8,"column":65}}],"line":8},"3":{"loc":{"start":{"line":12,"column":2},"end":{"line":14,"column":3}},"type":"if","locations":[{"start":{"line":12,"column":2},"end":{"line":14,"column":3}},{"start":{},"end":{}}],"line":12},"4":{"loc":{"start":{"line":19,"column":4},"end":{"line":21,"column":5}},"type":"if","locations":[{"start":{"line":19,"column":4},"end":{"line":21,"column":5}},{"start":{},"end":{}}],"line":19},"5":{"loc":{"start":{"line":24,"column":17},"end":{"line":24,"column":65}},"type":"binary-expr","locations":[{"start":{"line":24,"column":17},"end":{"line":24,"column":42}},{"start":{"line":24,"column":46},"end":{"line":24,"column":65}}],"line":24}},"s":{"0":0,"1":0,"2":0,"3":0,"4":0,"5":0,"6":0,"7":0,"8":0,"9":0,"10":0,"11":0,"12":0,"13":0},"f":{"0":0,"1":0,"2":0},"b":{"0":[0,0],"1":[0,0],"2":[0,0],"3":[0,0],"4":[0,0],"5":[0,0]}}
}
