TN:
SF:src\App.js
FN:7,App
FNF:1
FNH:0
FNDA:0,App
DA:8,0
LF:1
LH:0
BRF:0
BRH:0
end_of_record
TN:
SF:src\index.js
FNF:0
FNH:0
DA:7,0
DA:8,0
DA:17,0
LF:3
LH:0
BRF:0
BRH:0
end_of_record
TN:
SF:src\reportWebVitals.js
FN:1,(anonymous_0)
FN:3,(anonymous_1)
FNF:2
FNH:0
FNDA:0,(anonymous_0)
FNDA:0,(anonymous_1)
DA:1,0
DA:2,0
DA:3,0
DA:4,0
DA:5,0
DA:6,0
DA:7,0
DA:8,0
LF:8
LH:0
BRDA:2,0,0,0
BRDA:2,0,1,0
BRDA:2,1,0,0
BRDA:2,1,1,0
BRF:4
BRH:0
end_of_record
TN:
SF:src\api\client.js
FN:1,fetchProperties
FN:4,(anonymous_1)
FN:37,fetchPropertyDetail
FN:60,fetchOpenHouses
FNF:4
FNH:2
FNDA:3,fetchProperties
FNDA:5,(anonymous_1)
FNDA:0,fetchPropertyDetail
FNDA:0,fetchOpenHouses
DA:2,3
DA:4,3
DA:5,5
DA:6,4
DA:10,3
DA:11,3
DA:15,3
DA:19,3
DA:20,1
DA:22,1
DA:23,1
DA:25,1
DA:26,1
DA:32,1
DA:35,2
DA:38,0
DA:42,0
DA:43,0
DA:45,0
DA:46,0
DA:48,0
DA:49,0
DA:55,0
DA:58,0
DA:61,0
DA:65,0
DA:66,0
DA:68,0
DA:69,0
DA:71,0
DA:72,0
DA:78,0
DA:81,0
LF:33
LH:15
BRDA:1,0,0,1
BRDA:1,1,0,3
BRDA:5,2,0,4
BRDA:5,2,1,1
BRDA:5,3,0,5
BRDA:5,3,1,5
BRDA:5,3,2,5
BRDA:11,4,0,2
BRDA:11,4,1,1
BRDA:19,5,0,1
BRDA:19,5,1,2
BRDA:25,6,0,1
BRDA:25,6,1,0
BRDA:42,7,0,0
BRDA:42,7,1,0
BRDA:48,8,0,0
BRDA:48,8,1,0
BRDA:65,9,0,0
BRDA:65,9,1,0
BRDA:71,10,0,0
BRDA:71,10,1,0
BRF:21
BRH:12
end_of_record
TN:
SF:src\components\ErrorBoundary.js
FN:4,(anonymous_0)
FN:12,(anonymous_1)
FN:18,(anonymous_2)
FN:22,(anonymous_3)
FN:30,(anonymous_4)
FNF:5
FNH:0
FNDA:0,(anonymous_0)
FNDA:0,(anonymous_1)
FNDA:0,(anonymous_2)
FNDA:0,(anonymous_3)
FNDA:0,(anonymous_4)
DA:5,0
DA:7,0
DA:13,0
DA:19,0
DA:22,0
DA:23,0
DA:27,0
DA:31,0
DA:32,0
DA:47,0
LF:10
LH:0
BRDA:31,0,0,0
BRDA:31,0,1,0
BRF:2
BRH:0
end_of_record
TN:
SF:src\components\OpenHouseList.js
FN:1,getRemarks
FN:21,formatDate
FN:35,formatTime
FN:61,OpenHouseList
FN:68,(anonymous_4)
FNF:5
FNH:0
FNDA:0,getRemarks
FNDA:0,formatDate
FNDA:0,formatTime
FNDA:0,OpenHouseList
FNDA:0,(anonymous_4)
DA:2,0
DA:3,0
DA:6,0
DA:10,0
DA:13,0
DA:14,0
DA:15,0
DA:17,0
DA:22,0
DA:23,0
DA:26,0
DA:28,0
DA:29,0
DA:32,0
DA:36,0
DA:37,0
DA:40,0
DA:42,0
DA:43,0
DA:46,0
DA:48,0
DA:55,0
DA:62,0
DA:63,0
DA:66,0
DA:69,0
LF:26
LH:0
BRDA:2,0,0,0
BRDA:2,0,1,0
BRDA:6,1,0,0
BRDA:6,1,1,0
BRDA:7,2,0,0
BRDA:7,2,1,0
BRDA:10,3,0,0
BRDA:10,3,1,0
BRDA:15,4,0,0
BRDA:15,4,1,0
BRDA:22,5,0,0
BRDA:22,5,1,0
BRDA:28,6,0,0
BRDA:28,6,1,0
BRDA:36,7,0,0
BRDA:36,7,1,0
BRDA:42,8,0,0
BRDA:42,8,1,0
BRDA:62,9,0,0
BRDA:62,9,1,0
BRDA:62,10,0,0
BRDA:62,10,1,0
BRDA:71,11,0,0
BRDA:71,11,1,0
BRDA:83,12,0,0
BRDA:83,12,1,0
BRF:26
BRH:0
end_of_record
TN:
SF:src\components\Pagination.js
FN:3,Pagination
FN:46,(anonymous_1)
FN:51,(anonymous_2)
FN:58,(anonymous_3)
FN:67,(anonymous_4)
FNF:5
FNH:3
FNDA:3,Pagination
FNDA:0,(anonymous_1)
FNDA:15,(anonymous_2)
FNDA:1,(anonymous_3)
FNDA:0,(anonymous_4)
DA:9,3
DA:11,3
DA:12,0
DA:15,3
DA:17,3
DA:18,3
DA:19,15
DA:22,0
DA:24,0
DA:25,0
DA:28,0
DA:29,0
DA:31,0
DA:32,0
DA:35,0
DA:36,0
DA:39,0
DA:42,3
DA:46,0
DA:52,15
DA:58,1
DA:67,0
LF:22
LH:9
BRDA:11,0,0,0
BRDA:11,0,1,3
BRDA:17,1,0,3
BRDA:17,1,1,0
BRDA:24,2,0,0
BRDA:24,2,1,0
BRDA:35,3,0,0
BRDA:35,3,1,0
BRDA:52,4,0,0
BRDA:52,4,1,15
BRDA:57,5,0,3
BRDA:57,5,1,12
BRF:12
BRH:5
end_of_record
TN:
SF:src\components\PropertyCard.js
FN:6,formatPrice
FN:20,displayStat
FN:28,PropertyCard
FN:50,openProperty
FN:54,handleKeyDown
FN:60,handleFavoriteClick
FNF:6
FNH:0
FNDA:0,formatPrice
FNDA:0,displayStat
FNDA:0,PropertyCard
FNDA:0,openProperty
FNDA:0,handleKeyDown
FNDA:0,handleFavoriteClick
DA:7,0
DA:9,0
DA:10,0
DA:13,0
DA:21,0
DA:22,0
DA:25,0
DA:33,0
DA:35,0
DA:42,0
DA:46,0
DA:51,0
DA:55,0
DA:56,0
DA:61,0
DA:63,0
DA:64,0
DA:68,0
DA:121,0
LF:19
LH:0
BRDA:9,0,0,0
BRDA:9,0,1,0
BRDA:9,1,0,0
BRDA:9,1,1,0
BRDA:21,2,0,0
BRDA:21,2,1,0
BRDA:21,3,0,0
BRDA:21,3,1,0
BRDA:21,3,2,0
BRDA:30,4,0,0
BRDA:42,5,0,0
BRDA:42,5,1,0
BRDA:42,5,2,0
BRDA:55,6,0,0
BRDA:55,6,1,0
BRDA:63,7,0,0
BRDA:63,7,1,0
BRDA:85,8,0,0
BRDA:85,8,1,0
BRDA:89,9,0,0
BRDA:89,9,1,0
BRDA:94,10,0,0
BRDA:94,10,1,0
BRDA:108,11,0,0
BRDA:108,11,1,0
BRDA:112,12,0,0
BRDA:112,12,1,0
BRF:27
BRH:0
end_of_record
TN:
SF:src\components\PropertyFilters.js
FN:13,PropertyFilters
FN:16,handleChange
FN:19,(anonymous_2)
FN:25,handleSubmit
FN:29,(anonymous_4)
FN:35,handleClear
FNF:6
FNH:6
FNDA:7,PropertyFilters
FNDA:3,handleChange
FNDA:3,(anonymous_2)
FNDA:1,handleSubmit
FNDA:6,(anonymous_4)
FNDA:1,handleClear
DA:4,1
DA:14,7
DA:17,3
DA:19,3
DA:26,1
DA:28,1
DA:29,6
DA:32,1
DA:36,1
DA:37,1
DA:40,7
LF:11
LH:11
BRDA:13,0,0,7
BRF:1
BRH:1
end_of_record
TN:
SF:src\components\PropertyImageCarousel.js
FN:8,PropertyImageCarousel
FN:14,previousPhoto
FN:17,(anonymous_2)
FN:22,nextPhoto
FN:25,(anonymous_4)
FN:35,(anonymous_5)
FNF:6
FNH:0
FNDA:0,PropertyImageCarousel
FNDA:0,previousPhoto
FNDA:0,(anonymous_2)
FNDA:0,nextPhoto
FNDA:0,(anonymous_4)
FNDA:0,(anonymous_5)
DA:6,0
DA:9,0
DA:10,0
DA:12,0
DA:15,0
DA:17,0
DA:18,0
DA:23,0
DA:25,0
DA:26,0
DA:30,0
DA:36,0
LF:12
LH:0
BRDA:12,0,0,0
BRDA:12,0,1,0
BRDA:18,1,0,0
BRDA:18,1,1,0
BRDA:26,2,0,0
BRDA:26,2,1,0
BRDA:34,3,0,0
BRDA:34,3,1,0
BRDA:40,4,0,0
BRDA:40,4,1,0
BRF:10
BRH:0
end_of_record
TN:
SF:src\components\PropertyImageGallery.js
FN:8,handleImageError
FN:13,PropertyImageGallery
FN:23,previous
FN:24,(anonymous_3)
FN:29,next
FN:30,(anonymous_5)
FN:35,handleKeyDown
FN:57,(anonymous_7)
FN:61,(anonymous_8)
FN:65,(anonymous_9)
FN:84,(anonymous_10)
FN:89,(anonymous_11)
FN:98,(anonymous_12)
FN:111,(anonymous_13)
FN:118,(anonymous_14)
FNF:15
FNH:0
FNDA:0,handleImageError
FNDA:0,PropertyImageGallery
FNDA:0,previous
FNDA:0,(anonymous_3)
FNDA:0,next
FNDA:0,(anonymous_5)
FNDA:0,handleKeyDown
FNDA:0,(anonymous_7)
FNDA:0,(anonymous_8)
FNDA:0,(anonymous_9)
FNDA:0,(anonymous_10)
FNDA:0,(anonymous_11)
FNDA:0,(anonymous_12)
FNDA:0,(anonymous_13)
FNDA:0,(anonymous_14)
DA:6,0
DA:9,0
DA:10,0
DA:14,0
DA:16,0
DA:17,0
DA:19,0
DA:20,0
DA:24,0
DA:25,0
DA:30,0
DA:31,0
DA:36,0
DA:37,0
DA:40,0
DA:41,0
DA:44,0
DA:45,0
DA:49,0
DA:57,0
DA:62,0
DA:65,0
DA:84,0
DA:89,0
DA:99,0
DA:100,0
DA:111,0
DA:119,0
DA:120,0
LF:29
LH:0
BRDA:19,0,0,0
BRDA:19,0,1,0
BRDA:25,1,0,0
BRDA:25,1,1,0
BRDA:31,2,0,0
BRDA:31,2,1,0
BRDA:36,3,0,0
BRDA:36,3,1,0
BRDA:40,4,0,0
BRDA:40,4,1,0
BRDA:44,5,0,0
BRDA:44,5,1,0
BRDA:77,6,0,0
BRDA:77,6,1,0
BRDA:94,7,0,0
BRDA:94,7,1,0
BRDA:114,8,0,0
BRDA:114,8,1,0
BRF:18
BRH:0
end_of_record
TN:
SF:src\components\PropertyMap.js
FN:1,PropertyMap
FNF:1
FNH:0
FNDA:0,PropertyMap
DA:2,0
DA:4,0
DA:5,0
DA:7,0
DA:13,0
DA:16,0
DA:17,0
DA:21,0
DA:27,0
DA:30,0
LF:10
LH:0
BRDA:7,0,0,0
BRDA:7,0,1,0
BRDA:8,1,0,0
BRDA:8,1,1,0
BRDA:8,1,2,0
BRDA:8,1,3,0
BRDA:16,2,0,0
BRDA:16,2,1,0
BRF:8
BRH:0
end_of_record
TN:
SF:src\components\SortControls.js
FN:3,SortControls
FN:4,handleFieldChange
FN:8,handleOrderChange
FNF:3
FNH:0
FNDA:0,SortControls
FNDA:0,handleFieldChange
FNDA:0,handleOrderChange
DA:5,0
DA:9,0
DA:12,0
LF:3
LH:0
BRF:0
BRH:0
end_of_record
TN:
SF:src\hooks\useFavorites.js
FN:5,getInitialFavorites
FN:21,useFavorites
FN:24,(anonymous_2)
FN:31,isFavorite
FN:33,(anonymous_4)
FN:37,addFavorite
FN:38,(anonymous_6)
FN:40,(anonymous_7)
FN:52,removeFavorite
FN:53,(anonymous_9)
FN:55,(anonymous_10)
FN:60,toggleFavorite
FNF:12
FNH:0
FNDA:0,getInitialFavorites
FNDA:0,useFavorites
FNDA:0,(anonymous_2)
FNDA:0,isFavorite
FNDA:0,(anonymous_4)
FNDA:0,addFavorite
FNDA:0,(anonymous_6)
FNDA:0,(anonymous_7)
FNDA:0,removeFavorite
FNDA:0,(anonymous_9)
FNDA:0,(anonymous_10)
FNDA:0,toggleFavorite
DA:3,0
DA:6,0
DA:7,0
DA:9,0
DA:10,0
DA:13,0
DA:15,0
DA:17,0
DA:22,0
DA:24,0
DA:25,0
DA:32,0
DA:33,0
DA:38,0
DA:39,0
DA:41,0
DA:44,0
DA:45,0
DA:48,0
DA:53,0
DA:54,0
DA:55,0
DA:61,0
DA:62,0
DA:64,0
DA:68,0
LF:26
LH:0
BRDA:9,0,0,0
BRDA:9,0,1,0
BRDA:15,1,0,0
BRDA:15,1,1,0
BRDA:44,2,0,0
BRDA:44,2,1,0
BRDA:61,3,0,0
BRDA:61,3,1,0
BRF:8
BRH:0
end_of_record
TN:
SF:src\pages\ListingsPage.js
FN:9,ListingsPage
FN:25,loadProperties
FN:70,(anonymous_2)
FN:73,(anonymous_3)
FN:78,handleSearch
FN:85,handleClear
FN:92,handlePageChange
FN:97,handleSortChange
FN:139,(anonymous_8)
FN:163,(anonymous_9)
FNF:10
FNH:0
FNDA:0,ListingsPage
FNDA:0,loadProperties
FNDA:0,(anonymous_2)
FNDA:0,(anonymous_3)
FNDA:0,handleSearch
FNDA:0,handleClear
FNDA:0,handlePageChange
FNDA:0,handleSortChange
FNDA:0,(anonymous_8)
FNDA:0,(anonymous_9)
DA:10,0
DA:11,0
DA:12,0
DA:13,0
DA:14,0
DA:16,0
DA:18,0
DA:20,0
DA:22,0
DA:23,0
DA:26,0
DA:27,0
DA:30,0
DA:31,0
DA:33,0
DA:34,0
DA:35,0
DA:37,0
DA:39,0
DA:51,0
DA:54,0
DA:56,0
DA:57,0
DA:60,0
DA:61,0
DA:62,0
DA:64,0
DA:65,0
DA:70,0
DA:71,0
DA:73,0
DA:74,0
DA:79,0
DA:80,0
DA:81,0
DA:82,0
DA:86,0
DA:87,0
DA:88,0
DA:89,0
DA:93,0
DA:94,0
DA:98,0
DA:99,0
DA:100,0
DA:104,0
DA:108,0
DA:113,0
DA:139,0
DA:164,0
LF:50
LH:0
BRDA:25,0,0,0
BRDA:26,1,0,0
BRDA:26,1,1,0
BRDA:52,2,0,0
BRDA:52,2,1,0
BRDA:54,3,0,0
BRDA:54,3,1,0
BRDA:56,4,0,0
BRDA:56,4,1,0
BRDA:62,5,0,0
BRDA:62,5,1,0
BRDA:64,6,0,0
BRDA:64,6,1,0
BRDA:104,7,0,0
BRDA:104,7,1,0
BRDA:135,8,0,0
BRDA:135,8,1,0
BRDA:144,9,0,0
BRDA:144,9,1,0
BRDA:148,10,0,0
BRDA:148,10,1,0
BRDA:148,10,2,0
BRDA:155,11,0,0
BRDA:155,11,1,0
BRDA:155,11,2,0
BRDA:155,11,3,0
BRDA:161,12,0,0
BRDA:161,12,1,0
BRDA:161,12,2,0
BRDA:161,12,3,0
BRDA:165,13,0,0
BRDA:165,13,1,0
BRDA:171,14,0,0
BRDA:171,14,1,0
BRDA:171,14,2,0
BRF:35
BRH:0
end_of_record
TN:
SF:src\pages\PropertyDetailPage.js
FN:15,formatPrice
FN:29,PropertyDetailPage
FN:39,(anonymous_2)
FN:40,loadProperty
FN:82,(anonymous_4)
FN:101,(anonymous_5)
FNF:6
FNH:0
FNDA:0,formatPrice
FNDA:0,PropertyDetailPage
FNDA:0,(anonymous_2)
FNDA:0,loadProperty
FNDA:0,(anonymous_4)
FNDA:0,(anonymous_5)
DA:16,0
DA:18,0
DA:19,0
DA:22,0
DA:30,0
DA:31,0
DA:33,0
DA:34,0
DA:36,0
DA:37,0
DA:39,0
DA:41,0
DA:42,0
DA:43,0
DA:46,0
DA:51,0
DA:53,0
DA:59,0
DA:64,0
DA:68,0
DA:71,0
DA:72,0
DA:79,0
DA:80,0
DA:82,0
DA:93,0
DA:94,0
DA:97,0
DA:101,0
LF:29
LH:0
BRDA:18,0,0,0
BRDA:18,0,1,0
BRDA:18,1,0,0
BRDA:18,1,1,0
BRDA:54,2,0,0
BRDA:54,2,1,0
BRDA:60,3,0,0
BRDA:60,3,1,0
BRDA:71,4,0,0
BRDA:71,4,1,0
BRDA:79,5,0,0
BRDA:79,5,1,0
BRDA:93,6,0,0
BRDA:93,6,1,0
BRDA:116,7,0,0
BRDA:116,7,1,0
BRDA:127,8,0,0
BRDA:127,8,1,0
BRDA:131,9,0,0
BRDA:131,9,1,0
BRDA:135,10,0,0
BRDA:135,10,1,0
BRDA:139,11,0,0
BRDA:139,11,1,0
BRDA:148,12,0,0
BRDA:148,12,1,0
BRDA:161,13,0,0
BRDA:161,13,1,0
BRDA:165,14,0,0
BRDA:165,14,1,0
BRDA:171,15,0,0
BRDA:171,15,1,0
BRDA:174,16,0,0
BRDA:174,16,1,0
BRF:34
BRH:0
end_of_record
TN:
SF:src\utils\photos.js
FN:1,parsePhotos
FN:8,(anonymous_1)
FN:24,(anonymous_2)
FNF:3
FNH:0
FNDA:0,parsePhotos
FNDA:0,(anonymous_1)
FNDA:0,(anonymous_2)
DA:2,0
DA:3,0
DA:6,0
DA:7,0
DA:8,0
DA:12,0
DA:13,0
DA:16,0
DA:17,0
DA:19,0
DA:20,0
DA:23,0
DA:24,0
DA:27,0
LF:14
LH:0
BRDA:2,0,0,0
BRDA:2,0,1,0
BRDA:6,1,0,0
BRDA:6,1,1,0
BRDA:8,2,0,0
BRDA:8,2,1,0
BRDA:12,3,0,0
BRDA:12,3,1,0
BRDA:19,4,0,0
BRDA:19,4,1,0
BRDA:24,5,0,0
BRDA:24,5,1,0
BRF:12
BRH:0
end_of_record
